[2020-11-27 17:06:38] local.ERROR: SQLSTATE[HY000] [2002] No such file or directory (SQL: select * from `users` where `role` = user) {"exception":"[object] (Illuminate\\Database\\QueryException(code: 2002): SQLSTATE[HY000] [2002] No such file or directory (SQL: select * from `users` where `role` = user) at /Volumes/SSD - Data/Study/study-arhive/Для одногрупніків з паралели/smirnov-diplom-bilyard/-billiards/biliards/vendor/laravel/framework/src/Illuminate/Database/Connection.php:664, PDOException(code: 2002): SQLSTATE[HY000] [2002] No such file or directory at /Volumes/SSD - Data/Study/study-arhive/Для одногрупніків з паралели/smirnov-diplom-bilyard/-billiards/biliards/vendor/laravel/framework/src/Illuminate/Database/Connectors/Connector.php:70)
[stacktrace]
#0 /Volumes/SSD - Data/Study/study-arhive/Для одногрупніків з паралели/smirnov-diplom-bilyard/-billiards/biliards/vendor/laravel/framework/src/Illuminate/Database/Connection.php(624): Illuminate\\Database\\Connection->runQueryCallback('select * from `...', Array, Object(Closure))
#1 /Volumes/SSD - Data/Study/study-arhive/Для одногрупніків з паралели/smirnov-diplom-bilyard/-billiards/biliards/vendor/laravel/framework/src/Illuminate/Database/Connection.php(333): Illuminate\\Database\\Connection->run('select * from `...', Array, Object(Closure))
#2 /Volumes/SSD - Data/Study/study-arhive/Для одногрупніків з паралели/smirnov-diplom-bilyard/-billiards/biliards/vendor/laravel/framework/src/Illuminate/Database/Query/Builder.php(2130): Illuminate\\Database\\Connection->select('select * from `...', Array, true)
#3 /Volumes/SSD - Data/Study/study-arhive/Для одногрупніків з паралели/smirnov-diplom-bilyard/-billiards/biliards/vendor/laravel/framework/src/Illuminate/Database/Query/Builder.php(2118): Illuminate\\Database\\Query\\Builder->runSelect()
#4 /Volumes/SSD - Data/Study/study-arhive/Для одногрупніків з паралели/smirnov-diplom-bilyard/-billiards/biliards/vendor/laravel/framework/src/Illuminate/Database/Query/Builder.php(2604): Illuminate\\Database\\Query\\Builder->Illuminate\\Database\\Query\\{closure}()
#5 /Volumes/SSD - Data/Study/study-arhive/Для одногрупніків з паралели/smirnov-diplom-bilyard/-billiards/biliards/vendor/laravel/framework/src/Illuminate/Database/Query/Builder.php(2119): Illuminate\\Database\\Query\\Builder->onceWithColumns(Array, Object(Closure))
#6 /Volumes/SSD - Data/Study/study-arhive/Для одногрупніків з паралели/smirnov-diplom-bilyard/-billiards/biliards/vendor/laravel/framework/src/Illuminate/Database/Eloquent/Builder.php(521): Illuminate\\Database\\Query\\Builder->get(Array)
#7 /Volumes/SSD - Data/Study/study-arhive/Для одногрупніків з паралели/smirnov-diplom-bilyard/-billiards/biliards/vendor/laravel/framework/src/Illuminate/Database/Eloquent/Builder.php(505): Illuminate\\Database\\Eloquent\\Builder->getModels(Array)
#8 /Volumes/SSD - Data/Study/study-arhive/Для одногрупніків з паралели/smirnov-diplom-bilyard/-billiards/biliards/app/Http/Controllers/ChartController.php(25): Illuminate\\Database\\Eloquent\\Builder->get()
#9 [internal function]: App\\Http\\Controllers\\ChartController->index()
#10 /Volumes/SSD - Data/Study/study-arhive/Для одногрупніків з паралели/smirnov-diplom-bilyard/-billiards/biliards/vendor/laravel/framework/src/Illuminate/Routing/Controller.php(54): call_user_func_array(Array, Array)
#11 /Volumes/SSD - Data/Study/study-arhive/Для одногрупніків з паралели/smirnov-diplom-bilyard/-billiards/biliards/vendor/laravel/framework/src/Illuminate/Routing/ControllerDispatcher.php(45): Illuminate\\Routing\\Controller->callAction('index', Array)
#12 /Volumes/SSD - Data/Study/study-arhive/Для одногрупніків з паралели/smirnov-diplom-bilyard/-billiards/biliards/vendor/laravel/framework/src/Illuminate/Routing/Route.php(219): Illuminate\\Routing\\ControllerDispatcher->dispatch(Object(Illuminate\\Routing\\Route), Object(App\\Http\\Controllers\\ChartController), 'index')
#13 /Volumes/SSD - Data/Study/study-arhive/Для одногрупніків з паралели/smirnov-diplom-bilyard/-billiards/biliards/vendor/laravel/framework/src/Illuminate/Routing/Route.php(176): Illuminate\\Routing\\Route->runController()
#14 /Volumes/SSD - Data/Study/study-arhive/Для одногрупніків з паралели/smirnov-diplom-bilyard/-billiards/biliards/vendor/laravel/framework/src/Illuminate/Routing/Router.php(680): Illuminate\\Routing\\Route->run()
#15 /Volumes/SSD - Data/Study/study-arhive/Для одногрупніків з паралели/smirnov-diplom-bilyard/-billiards/biliards/vendor/laravel/framework/src/Illuminate/Routing/Pipeline.php(30): Illuminate\\Routing\\Router->Illuminate\\Routing\\{closure}(Object(Illuminate\\Http\\Request))
#16 /Volumes/SSD - Data/Study/study-arhive/Для одногрупніків з паралели/smirnov-diplom-bilyard/-billiards/biliards/vendor/laravel/framework/src/Illuminate/Routing/Middleware/SubstituteBindings.php(41): Illuminate\\Routing\\Pipeline->Illuminate\\Routing\\{closure}(Object(Illuminate\\Http\\Request))
#17 /Volumes/SSD - Data/Study/study-arhive/Для одногрупніків з паралели/smirnov-diplom-bilyard/-billiards/biliards/vendor/laravel/framework/src/Illuminate/Pipeline/Pipeline.php(163): Illuminate\\Routing\\Middleware\\SubstituteBindings->handle(Object(Illuminate\\Http\\Request), Object(Closure))
#18 /Volumes/SSD - Data/Study/study-arhive/Для одногрупніків з паралели/smirnov-diplom-bilyard/-billiards/biliards/vendor/laravel/framework/src/Illuminate/Routing/Pipeline.php(53): Illuminate\\Pipeline\\Pipeline->Illuminate\\Pipeline\\{closure}(Object(Illuminate\\Http\\Request))
#19 /Volumes/SSD - Data/Study/study-arhive/Для одногрупніків з паралели/smirnov-diplom-bilyard/-billiards/biliards/vendor/laravel/framework/src/Illuminate/Foundation/Http/Middleware/VerifyCsrfToken.php(75): Illuminate\\Routing\\Pipeline->Illuminate\\Routing\\{closure}(Object(Illuminate\\Http\\Request))
#20 /Volumes/SSD - Data/Study/study-arhive/Для одногрупніків з паралели/smirnov-diplom-bilyard/-billiards/biliards/vendor/laravel/framework/src/Illuminate/Pipeline/Pipeline.php(163): Illuminate\\Foundation\\Http\\Middleware\\VerifyCsrfToken->handle(Object(Illuminate\\Http\\Request), Object(Closure))
#21 /Volumes/SSD - Data/Study/study-arhive/Для одногрупніків з паралели/smirnov-diplom-bilyard/-billiards/biliards/vendor/laravel/framework/src/Illuminate/Routing/Pipeline.php(53): Illuminate\\Pipeline\\Pipeline->Illuminate\\Pipeline\\{closure}(Object(Illuminate\\Http\\Request))
#22 /Volumes/SSD - Data/Study/study-arhive/Для одногрупніків з паралели/smirnov-diplom-bilyard/-billiards/biliards/vendor/laravel/framework/src/Illuminate/View/Middleware/ShareErrorsFromSession.php(49): Illuminate\\Routing\\Pipeline->Illuminate\\Routing\\{closure}(Object(Illuminate\\Http\\Request))
#23 /Volumes/SSD - Data/Study/study-arhive/Для одногрупніків з паралели/smirnov-diplom-bilyard/-billiards/biliards/vendor/laravel/framework/src/Illuminate/Pipeline/Pipeline.php(163): Illuminate\\View\\Middleware\\ShareErrorsFromSession->handle(Object(Illuminate\\Http\\Request), Object(Closure))
#24 /Volumes/SSD - Data/Study/study-arhive/Для одногрупніків з паралели/smirnov-diplom-bilyard/-billiards/biliards/vendor/laravel/framework/src/Illuminate/Routing/Pipeline.php(53): Illuminate\\Pipeline\\Pipeline->Illuminate\\Pipeline\\{closure}(Object(Illuminate\\Http\\Request))
#25 /Volumes/SSD - Data/Study/study-arhive/Для одногрупніків з паралели/smirnov-diplom-bilyard/-billiards/biliards/vendor/laravel/framework/src/Illuminate/Session/Middleware/StartSession.php(56): Illuminate\\Routing\\Pipeline->Illuminate\\Routing\\{closure}(Object(Illuminate\\Http\\Request))
#26 /Volumes/SSD - Data/Study/study-arhive/Для одногрупніків з паралели/smirnov-diplom-bilyard/-billiards/biliards/vendor/laravel/framework/src/Illuminate/Pipeline/Pipeline.php(163): Illuminate\\Session\\Middleware\\StartSession->handle(Object(Illuminate\\Http\\Request), Object(Closure))
#27 /Volumes/SSD - Data/Study/study-arhive/Для одногрупніків з паралели/smirnov-diplom-bilyard/-billiards/biliards/vendor/laravel/framework/src/Illuminate/Routing/Pipeline.php(53): Illuminate\\Pipeline\\Pipeline->Illuminate\\Pipeline\\{closure}(Object(Illuminate\\Http\\Request))
#28 /Volumes/SSD - Data/Study/study-arhive/Для одногрупніків з паралели/smirnov-diplom-bilyard/-billiards/biliards/vendor/laravel/framework/src/Illuminate/Cookie/Middleware/AddQueuedCookiesToResponse.php(37): Illuminate\\Routing\\Pipeline->Illuminate\\Routing\\{closure}(Object(Illuminate\\Http\\Request))
#29 /Volumes/SSD - Data/Study/study-arhive/Для одногрупніків з паралели/smirnov-diplom-bilyard/-billiards/biliards/vendor/laravel/framework/src/Illuminate/Pipeline/Pipeline.php(163): Illuminate\\Cookie\\Middleware\\AddQueuedCookiesToResponse->handle(Object(Illuminate\\Http\\Request), Object(Closure))
#30 /Volumes/SSD - Data/Study/study-arhive/Для одногрупніків з паралели/smirnov-diplom-bilyard/-billiards/biliards/vendor/laravel/framework/src/Illuminate/Routing/Pipeline.php(53): Illuminate\\Pipeline\\Pipeline->Illuminate\\Pipeline\\{closure}(Object(Illuminate\\Http\\Request))
#31 /Volumes/SSD - Data/Study/study-arhive/Для одногрупніків з паралели/smirnov-diplom-bilyard/-billiards/biliards/vendor/laravel/framework/src/Illuminate/Cookie/Middleware/EncryptCookies.php(66): Illuminate\\Routing\\Pipeline->Illuminate\\Routing\\{closure}(Object(Illuminate\\Http\\Request))
#32 /Volumes/SSD - Data/Study/study-arhive/Для одногрупніків з паралели/smirnov-diplom-bilyard/-billiards/biliards/vendor/laravel/framework/src/Illuminate/Pipeline/Pipeline.php(163): Illuminate\\Cookie\\Middleware\\EncryptCookies->handle(Object(Illuminate\\Http\\Request), Object(Closure))
#33 /Volumes/SSD - Data/Study/study-arhive/Для одногрупніків з паралели/smirnov-diplom-bilyard/-billiards/biliards/vendor/laravel/framework/src/Illuminate/Routing/Pipeline.php(53): Illuminate\\Pipeline\\Pipeline->Illuminate\\Pipeline\\{closure}(Object(Illuminate\\Http\\Request))
#34 /Volumes/SSD - Data/Study/study-arhive/Для одногрупніків з паралели/smirnov-diplom-bilyard/-billiards/biliards/vendor/laravel/framework/src/Illuminate/Pipeline/Pipeline.php(104): Illuminate\\Routing\\Pipeline->Illuminate\\Routing\\{closure}(Object(Illuminate\\Http\\Request))
#35 /Volumes/SSD - Data/Study/study-arhive/Для одногрупніків з паралели/smirnov-diplom-bilyard/-billiards/biliards/vendor/laravel/framework/src/Illuminate/Routing/Router.php(682): Illuminate\\Pipeline\\Pipeline->then(Object(Closure))
#36 /Volumes/SSD - Data/Study/study-arhive/Для одногрупніків з паралели/smirnov-diplom-bilyard/-billiards/biliards/vendor/laravel/framework/src/Illuminate/Routing/Router.php(657): Illuminate\\Routing\\Router->runRouteWithinStack(Object(Illuminate\\Routing\\Route), Object(Illuminate\\Http\\Request))
#37 /Volumes/SSD - Data/Study/study-arhive/Для одногрупніків з паралели/smirnov-diplom-bilyard/-billiards/biliards/vendor/laravel/framework/src/Illuminate/Routing/Router.php(623): Illuminate\\Routing\\Router->runRoute(Object(Illuminate\\Http\\Request), Object(Illuminate\\Routing\\Route))
#38 /Volumes/SSD - Data/Study/study-arhive/Для одногрупніків з паралели/smirnov-diplom-bilyard/-billiards/biliards/vendor/laravel/framework/src/Illuminate/Routing/Router.php(612): Illuminate\\Routing\\Router->dispatchToRoute(Object(Illuminate\\Http\\Request))
#39 /Volumes/SSD - Data/Study/study-arhive/Для одногрупніків з паралели/smirnov-diplom-bilyard/-billiards/biliards/vendor/laravel/framework/src/Illuminate/Foundation/Http/Kernel.php(176): Illuminate\\Routing\\Router->dispatch(Object(Illuminate\\Http\\Request))
#40 /Volumes/SSD - Data/Study/study-arhive/Для одногрупніків з паралели/smirnov-diplom-bilyard/-billiards/biliards/vendor/laravel/framework/src/Illuminate/Routing/Pipeline.php(30): Illuminate\\Foundation\\Http\\Kernel->Illuminate\\Foundation\\Http\\{closure}(Object(Illuminate\\Http\\Request))
#41 /Volumes/SSD - Data/Study/study-arhive/Для одногрупніків з паралели/smirnov-diplom-bilyard/-billiards/biliards/vendor/fideloper/proxy/src/TrustProxies.php(57): Illuminate\\Routing\\Pipeline->Illuminate\\Routing\\{closure}(Object(Illuminate\\Http\\Request))
#42 /Volumes/SSD - Data/Study/study-arhive/Для одногрупніків з паралели/smirnov-diplom-bilyard/-billiards/biliards/vendor/laravel/framework/src/Illuminate/Pipeline/Pipeline.php(163): Fideloper\\Proxy\\TrustProxies->handle(Object(Illuminate\\Http\\Request), Object(Closure))
#43 /Volumes/SSD - Data/Study/study-arhive/Для одногрупніків з паралели/smirnov-diplom-bilyard/-billiards/biliards/vendor/laravel/framework/src/Illuminate/Routing/Pipeline.php(53): Illuminate\\Pipeline\\Pipeline->Illuminate\\Pipeline\\{closure}(Object(Illuminate\\Http\\Request))
#44 /Volumes/SSD - Data/Study/study-arhive/Для одногрупніків з паралели/smirnov-diplom-bilyard/-billiards/biliards/vendor/laravel/framework/src/Illuminate/Foundation/Http/Middleware/TransformsRequest.php(21): Illuminate\\Routing\\Pipeline->Illuminate\\Routing\\{closure}(Object(Illuminate\\Http\\Request))
#45 /Volumes/SSD - Data/Study/study-arhive/Для одногрупніків з паралели/smirnov-diplom-bilyard/-billiards/biliards/vendor/laravel/framework/src/Illuminate/Pipeline/Pipeline.php(163): Illuminate\\Foundation\\Http\\Middleware\\TransformsRequest->handle(Object(Illuminate\\Http\\Request), Object(Closure))
#46 /Volumes/SSD - Data/Study/study-arhive/Для одногрупніків з паралели/smirnov-diplom-bilyard/-billiards/biliards/vendor/laravel/framework/src/Illuminate/Routing/Pipeline.php(53): Illuminate\\Pipeline\\Pipeline->Illuminate\\Pipeline\\{closure}(Object(Illuminate\\Http\\Request))
#47 /Volumes/SSD - Data/Study/study-arhive/Для одногрупніків з паралели/smirnov-diplom-bilyard/-billiards/biliards/vendor/laravel/framework/src/Illuminate/Foundation/Http/Middleware/TransformsRequest.php(21): Illuminate\\Routing\\Pipeline->Illuminate\\Routing\\{closure}(Object(Illuminate\\Http\\Request))
#48 /Volumes/SSD - Data/Study/study-arhive/Для одногрупніків з паралели/smirnov-diplom-bilyard/-billiards/biliards/vendor/laravel/framework/src/Illuminate/Pipeline/Pipeline.php(163): Illuminate\\Foundation\\Http\\Middleware\\TransformsRequest->handle(Object(Illuminate\\Http\\Request), Object(Closure))
#49 /Volumes/SSD - Data/Study/study-arhive/Для одногрупніків з паралели/smirnov-diplom-bilyard/-billiards/biliards/vendor/laravel/framework/src/Illuminate/Routing/Pipeline.php(53): Illuminate\\Pipeline\\Pipeline->Illuminate\\Pipeline\\{closure}(Object(Illuminate\\Http\\Request))
#50 /Volumes/SSD - Data/Study/study-arhive/Для одногрупніків з паралели/smirnov-diplom-bilyard/-billiards/biliards/vendor/laravel/framework/src/Illuminate/Foundation/Http/Middleware/ValidatePostSize.php(27): Illuminate\\Routing\\Pipeline->Illuminate\\Routing\\{closure}(Object(Illuminate\\Http\\Request))
#51 /Volumes/SSD - Data/Study/study-arhive/Для одногрупніків з паралели/smirnov-diplom-bilyard/-billiards/biliards/vendor/laravel/framework/src/Illuminate/Pipeline/Pipeline.php(163): Illuminate\\Foundation\\Http\\Middleware\\ValidatePostSize->handle(Object(Illuminate\\Http\\Request), Object(Closure))
#52 /Volumes/SSD - Data/Study/study-arhive/Для одногрупніків з паралели/smirnov-diplom-bilyard/-billiards/biliards/vendor/laravel/framework/src/Illuminate/Routing/Pipeline.php(53): Illuminate\\Pipeline\\Pipeline->Illuminate\\Pipeline\\{closure}(Object(Illuminate\\Http\\Request))
#53 /Volumes/SSD - Data/Study/study-arhive/Для одногрупніків з паралели/smirnov-diplom-bilyard/-billiards/biliards/vendor/laravel/framework/src/Illuminate/Foundation/Http/Middleware/CheckForMaintenanceMode.php(62): Illuminate\\Routing\\Pipeline->Illuminate\\Routing\\{closure}(Object(Illuminate\\Http\\Request))
#54 /Volumes/SSD - Data/Study/study-arhive/Для одногрупніків з паралели/smirnov-diplom-bilyard/-billiards/biliards/vendor/laravel/framework/src/Illuminate/Pipeline/Pipeline.php(163): Illuminate\\Foundation\\Http\\Middleware\\CheckForMaintenanceMode->handle(Object(Illuminate\\Http\\Request), Object(Closure))
#55 /Volumes/SSD - Data/Study/study-arhive/Для одногрупніків з паралели/smirnov-diplom-bilyard/-billiards/biliards/vendor/laravel/framework/src/Illuminate/Routing/Pipeline.php(53): Illuminate\\Pipeline\\Pipeline->Illuminate\\Pipeline\\{closure}(Object(Illuminate\\Http\\Request))
#56 /Volumes/SSD - Data/Study/study-arhive/Для одногрупніків з паралели/smirnov-diplom-bilyard/-billiards/biliards/vendor/laravel/framework/src/Illuminate/Pipeline/Pipeline.php(104): Illuminate\\Routing\\Pipeline->Illuminate\\Routing\\{closure}(Object(Illuminate\\Http\\Request))
#57 /Volumes/SSD - Data/Study/study-arhive/Для одногрупніків з паралели/smirnov-diplom-bilyard/-billiards/biliards/vendor/laravel/framework/src/Illuminate/Foundation/Http/Kernel.php(151): Illuminate\\Pipeline\\Pipeline->then(Object(Closure))
#58 /Volumes/SSD - Data/Study/study-arhive/Для одногрупніків з паралели/smirnov-diplom-bilyard/-billiards/biliards/vendor/laravel/framework/src/Illuminate/Foundation/Http/Kernel.php(116): Illuminate\\Foundation\\Http\\Kernel->sendRequestThroughRouter(Object(Illuminate\\Http\\Request))
#59 /Volumes/SSD - Data/Study/study-arhive/Для одногрупніків з паралели/smirnov-diplom-bilyard/-billiards/biliards/public/index.php(52): Illuminate\\Foundation\\Http\\Kernel->handle(Object(Illuminate\\Http\\Request))
#60 /Volumes/SSD - Data/Study/study-arhive/Для одногрупніків з паралели/smirnov-diplom-bilyard/-billiards/biliards/server.php(21): require_once('/Volumes/SSD - ...')
#61 {main}
"} 
[2020-11-27 17:07:12] local.ERROR: SQLSTATE[HY000] [2002] No such file or directory (SQL: select * from `users` where `role` = user) {"exception":"[object] (Illuminate\\Database\\QueryException(code: 2002): SQLSTATE[HY000] [2002] No such file or directory (SQL: select * from `users` where `role` = user) at /Volumes/SSD - Data/Study/study-arhive/Для одногрупніків з паралели/smirnov-diplom-bilyard/-billiards/biliards/vendor/laravel/framework/src/Illuminate/Database/Connection.php:664, PDOException(code: 2002): SQLSTATE[HY000] [2002] No such file or directory at /Volumes/SSD - Data/Study/study-arhive/Для одногрупніків з паралели/smirnov-diplom-bilyard/-billiards/biliards/vendor/laravel/framework/src/Illuminate/Database/Connectors/Connector.php:70)
[stacktrace]
#0 /Volumes/SSD - Data/Study/study-arhive/Для одногрупніків з паралели/smirnov-diplom-bilyard/-billiards/biliards/vendor/laravel/framework/src/Illuminate/Database/Connection.php(624): Illuminate\\Database\\Connection->runQueryCallback('select * from `...', Array, Object(Closure))
#1 /Volumes/SSD - Data/Study/study-arhive/Для одногрупніків з паралели/smirnov-diplom-bilyard/-billiards/biliards/vendor/laravel/framework/src/Illuminate/Database/Connection.php(333): Illuminate\\Database\\Connection->run('select * from `...', Array, Object(Closure))
#2 /Volumes/SSD - Data/Study/study-arhive/Для одногрупніків з паралели/smirnov-diplom-bilyard/-billiards/biliards/vendor/laravel/framework/src/Illuminate/Database/Query/Builder.php(2130): Illuminate\\Database\\Connection->select('select * from `...', Array, true)
#3 /Volumes/SSD - Data/Study/study-arhive/Для одногрупніків з паралели/smirnov-diplom-bilyard/-billiards/biliards/vendor/laravel/framework/src/Illuminate/Database/Query/Builder.php(2118): Illuminate\\Database\\Query\\Builder->runSelect()
#4 /Volumes/SSD - Data/Study/study-arhive/Для одногрупніків з паралели/smirnov-diplom-bilyard/-billiards/biliards/vendor/laravel/framework/src/Illuminate/Database/Query/Builder.php(2604): Illuminate\\Database\\Query\\Builder->Illuminate\\Database\\Query\\{closure}()
#5 /Volumes/SSD - Data/Study/study-arhive/Для одногрупніків з паралели/smirnov-diplom-bilyard/-billiards/biliards/vendor/laravel/framework/src/Illuminate/Database/Query/Builder.php(2119): Illuminate\\Database\\Query\\Builder->onceWithColumns(Array, Object(Closure))
#6 /Volumes/SSD - Data/Study/study-arhive/Для одногрупніків з паралели/smirnov-diplom-bilyard/-billiards/biliards/vendor/laravel/framework/src/Illuminate/Database/Eloquent/Builder.php(521): Illuminate\\Database\\Query\\Builder->get(Array)
#7 /Volumes/SSD - Data/Study/study-arhive/Для одногрупніків з паралели/smirnov-diplom-bilyard/-billiards/biliards/vendor/laravel/framework/src/Illuminate/Database/Eloquent/Builder.php(505): Illuminate\\Database\\Eloquent\\Builder->getModels(Array)
#8 /Volumes/SSD - Data/Study/study-arhive/Для одногрупніків з паралели/smirnov-diplom-bilyard/-billiards/biliards/app/Http/Controllers/ChartController.php(25): Illuminate\\Database\\Eloquent\\Builder->get()
#9 [internal function]: App\\Http\\Controllers\\ChartController->index()
#10 /Volumes/SSD - Data/Study/study-arhive/Для одногрупніків з паралели/smirnov-diplom-bilyard/-billiards/biliards/vendor/laravel/framework/src/Illuminate/Routing/Controller.php(54): call_user_func_array(Array, Array)
#11 /Volumes/SSD - Data/Study/study-arhive/Для одногрупніків з паралели/smirnov-diplom-bilyard/-billiards/biliards/vendor/laravel/framework/src/Illuminate/Routing/ControllerDispatcher.php(45): Illuminate\\Routing\\Controller->callAction('index', Array)
#12 /Volumes/SSD - Data/Study/study-arhive/Для одногрупніків з паралели/smirnov-diplom-bilyard/-billiards/biliards/vendor/laravel/framework/src/Illuminate/Routing/Route.php(219): Illuminate\\Routing\\ControllerDispatcher->dispatch(Object(Illuminate\\Routing\\Route), Object(App\\Http\\Controllers\\ChartController), 'index')
#13 /Volumes/SSD - Data/Study/study-arhive/Для одногрупніків з паралели/smirnov-diplom-bilyard/-billiards/biliards/vendor/laravel/framework/src/Illuminate/Routing/Route.php(176): Illuminate\\Routing\\Route->runController()
#14 /Volumes/SSD - Data/Study/study-arhive/Для одногрупніків з паралели/smirnov-diplom-bilyard/-billiards/biliards/vendor/laravel/framework/src/Illuminate/Routing/Router.php(680): Illuminate\\Routing\\Route->run()
#15 /Volumes/SSD - Data/Study/study-arhive/Для одногрупніків з паралели/smirnov-diplom-bilyard/-billiards/biliards/vendor/laravel/framework/src/Illuminate/Routing/Pipeline.php(30): Illuminate\\Routing\\Router->Illuminate\\Routing\\{closure}(Object(Illuminate\\Http\\Request))
#16 /Volumes/SSD - Data/Study/study-arhive/Для одногрупніків з паралели/smirnov-diplom-bilyard/-billiards/biliards/vendor/laravel/framework/src/Illuminate/Routing/Middleware/SubstituteBindings.php(41): Illuminate\\Routing\\Pipeline->Illuminate\\Routing\\{closure}(Object(Illuminate\\Http\\Request))
#17 /Volumes/SSD - Data/Study/study-arhive/Для одногрупніків з паралели/smirnov-diplom-bilyard/-billiards/biliards/vendor/laravel/framework/src/Illuminate/Pipeline/Pipeline.php(163): Illuminate\\Routing\\Middleware\\SubstituteBindings->handle(Object(Illuminate\\Http\\Request), Object(Closure))
#18 /Volumes/SSD - Data/Study/study-arhive/Для одногрупніків з паралели/smirnov-diplom-bilyard/-billiards/biliards/vendor/laravel/framework/src/Illuminate/Routing/Pipeline.php(53): Illuminate\\Pipeline\\Pipeline->Illuminate\\Pipeline\\{closure}(Object(Illuminate\\Http\\Request))
#19 /Volumes/SSD - Data/Study/study-arhive/Для одногрупніків з паралели/smirnov-diplom-bilyard/-billiards/biliards/vendor/laravel/framework/src/Illuminate/Foundation/Http/Middleware/VerifyCsrfToken.php(75): Illuminate\\Routing\\Pipeline->Illuminate\\Routing\\{closure}(Object(Illuminate\\Http\\Request))
#20 /Volumes/SSD - Data/Study/study-arhive/Для одногрупніків з паралели/smirnov-diplom-bilyard/-billiards/biliards/vendor/laravel/framework/src/Illuminate/Pipeline/Pipeline.php(163): Illuminate\\Foundation\\Http\\Middleware\\VerifyCsrfToken->handle(Object(Illuminate\\Http\\Request), Object(Closure))
#21 /Volumes/SSD - Data/Study/study-arhive/Для одногрупніків з паралели/smirnov-diplom-bilyard/-billiards/biliards/vendor/laravel/framework/src/Illuminate/Routing/Pipeline.php(53): Illuminate\\Pipeline\\Pipeline->Illuminate\\Pipeline\\{closure}(Object(Illuminate\\Http\\Request))
#22 /Volumes/SSD - Data/Study/study-arhive/Для одногрупніків з паралели/smirnov-diplom-bilyard/-billiards/biliards/vendor/laravel/framework/src/Illuminate/View/Middleware/ShareErrorsFromSession.php(49): Illuminate\\Routing\\Pipeline->Illuminate\\Routing\\{closure}(Object(Illuminate\\Http\\Request))
#23 /Volumes/SSD - Data/Study/study-arhive/Для одногрупніків з паралели/smirnov-diplom-bilyard/-billiards/biliards/vendor/laravel/framework/src/Illuminate/Pipeline/Pipeline.php(163): Illuminate\\View\\Middleware\\ShareErrorsFromSession->handle(Object(Illuminate\\Http\\Request), Object(Closure))
#24 /Volumes/SSD - Data/Study/study-arhive/Для одногрупніків з паралели/smirnov-diplom-bilyard/-billiards/biliards/vendor/laravel/framework/src/Illuminate/Routing/Pipeline.php(53): Illuminate\\Pipeline\\Pipeline->Illuminate\\Pipeline\\{closure}(Object(Illuminate\\Http\\Request))
#25 /Volumes/SSD - Data/Study/study-arhive/Для одногрупніків з паралели/smirnov-diplom-bilyard/-billiards/biliards/vendor/laravel/framework/src/Illuminate/Session/Middleware/StartSession.php(56): Illuminate\\Routing\\Pipeline->Illuminate\\Routing\\{closure}(Object(Illuminate\\Http\\Request))
#26 /Volumes/SSD - Data/Study/study-arhive/Для одногрупніків з паралели/smirnov-diplom-bilyard/-billiards/biliards/vendor/laravel/framework/src/Illuminate/Pipeline/Pipeline.php(163): Illuminate\\Session\\Middleware\\StartSession->handle(Object(Illuminate\\Http\\Request), Object(Closure))
#27 /Volumes/SSD - Data/Study/study-arhive/Для одногрупніків з паралели/smirnov-diplom-bilyard/-billiards/biliards/vendor/laravel/framework/src/Illuminate/Routing/Pipeline.php(53): Illuminate\\Pipeline\\Pipeline->Illuminate\\Pipeline\\{closure}(Object(Illuminate\\Http\\Request))
#28 /Volumes/SSD - Data/Study/study-arhive/Для одногрупніків з паралели/smirnov-diplom-bilyard/-billiards/biliards/vendor/laravel/framework/src/Illuminate/Cookie/Middleware/AddQueuedCookiesToResponse.php(37): Illuminate\\Routing\\Pipeline->Illuminate\\Routing\\{closure}(Object(Illuminate\\Http\\Request))
#29 /Volumes/SSD - Data/Study/study-arhive/Для одногрупніків з паралели/smirnov-diplom-bilyard/-billiards/biliards/vendor/laravel/framework/src/Illuminate/Pipeline/Pipeline.php(163): Illuminate\\Cookie\\Middleware\\AddQueuedCookiesToResponse->handle(Object(Illuminate\\Http\\Request), Object(Closure))
#30 /Volumes/SSD - Data/Study/study-arhive/Для одногрупніків з паралели/smirnov-diplom-bilyard/-billiards/biliards/vendor/laravel/framework/src/Illuminate/Routing/Pipeline.php(53): Illuminate\\Pipeline\\Pipeline->Illuminate\\Pipeline\\{closure}(Object(Illuminate\\Http\\Request))
#31 /Volumes/SSD - Data/Study/study-arhive/Для одногрупніків з паралели/smirnov-diplom-bilyard/-billiards/biliards/vendor/laravel/framework/src/Illuminate/Cookie/Middleware/EncryptCookies.php(66): Illuminate\\Routing\\Pipeline->Illuminate\\Routing\\{closure}(Object(Illuminate\\Http\\Request))
#32 /Volumes/SSD - Data/Study/study-arhive/Для одногрупніків з паралели/smirnov-diplom-bilyard/-billiards/biliards/vendor/laravel/framework/src/Illuminate/Pipeline/Pipeline.php(163): Illuminate\\Cookie\\Middleware\\EncryptCookies->handle(Object(Illuminate\\Http\\Request), Object(Closure))
#33 /Volumes/SSD - Data/Study/study-arhive/Для одногрупніків з паралели/smirnov-diplom-bilyard/-billiards/biliards/vendor/laravel/framework/src/Illuminate/Routing/Pipeline.php(53): Illuminate\\Pipeline\\Pipeline->Illuminate\\Pipeline\\{closure}(Object(Illuminate\\Http\\Request))
#34 /Volumes/SSD - Data/Study/study-arhive/Для одногрупніків з паралели/smirnov-diplom-bilyard/-billiards/biliards/vendor/laravel/framework/src/Illuminate/Pipeline/Pipeline.php(104): Illuminate\\Routing\\Pipeline->Illuminate\\Routing\\{closure}(Object(Illuminate\\Http\\Request))
#35 /Volumes/SSD - Data/Study/study-arhive/Для одногрупніків з паралели/smirnov-diplom-bilyard/-billiards/biliards/vendor/laravel/framework/src/Illuminate/Routing/Router.php(682): Illuminate\\Pipeline\\Pipeline->then(Object(Closure))
#36 /Volumes/SSD - Data/Study/study-arhive/Для одногрупніків з паралели/smirnov-diplom-bilyard/-billiards/biliards/vendor/laravel/framework/src/Illuminate/Routing/Router.php(657): Illuminate\\Routing\\Router->runRouteWithinStack(Object(Illuminate\\Routing\\Route), Object(Illuminate\\Http\\Request))
#37 /Volumes/SSD - Data/Study/study-arhive/Для одногрупніків з паралели/smirnov-diplom-bilyard/-billiards/biliards/vendor/laravel/framework/src/Illuminate/Routing/Router.php(623): Illuminate\\Routing\\Router->runRoute(Object(Illuminate\\Http\\Request), Object(Illuminate\\Routing\\Route))
#38 /Volumes/SSD - Data/Study/study-arhive/Для одногрупніків з паралели/smirnov-diplom-bilyard/-billiards/biliards/vendor/laravel/framework/src/Illuminate/Routing/Router.php(612): Illuminate\\Routing\\Router->dispatchToRoute(Object(Illuminate\\Http\\Request))
#39 /Volumes/SSD - Data/Study/study-arhive/Для одногрупніків з паралели/smirnov-diplom-bilyard/-billiards/biliards/vendor/laravel/framework/src/Illuminate/Foundation/Http/Kernel.php(176): Illuminate\\Routing\\Router->dispatch(Object(Illuminate\\Http\\Request))
#40 /Volumes/SSD - Data/Study/study-arhive/Для одногрупніків з паралели/smirnov-diplom-bilyard/-billiards/biliards/vendor/laravel/framework/src/Illuminate/Routing/Pipeline.php(30): Illuminate\\Foundation\\Http\\Kernel->Illuminate\\Foundation\\Http\\{closure}(Object(Illuminate\\Http\\Request))
#41 /Volumes/SSD - Data/Study/study-arhive/Для одногрупніків з паралели/smirnov-diplom-bilyard/-billiards/biliards/vendor/fideloper/proxy/src/TrustProxies.php(57): Illuminate\\Routing\\Pipeline->Illuminate\\Routing\\{closure}(Object(Illuminate\\Http\\Request))
#42 /Volumes/SSD - Data/Study/study-arhive/Для одногрупніків з паралели/smirnov-diplom-bilyard/-billiards/biliards/vendor/laravel/framework/src/Illuminate/Pipeline/Pipeline.php(163): Fideloper\\Proxy\\TrustProxies->handle(Object(Illuminate\\Http\\Request), Object(Closure))
#43 /Volumes/SSD - Data/Study/study-arhive/Для одногрупніків з паралели/smirnov-diplom-bilyard/-billiards/biliards/vendor/laravel/framework/src/Illuminate/Routing/Pipeline.php(53): Illuminate\\Pipeline\\Pipeline->Illuminate\\Pipeline\\{closure}(Object(Illuminate\\Http\\Request))
#44 /Volumes/SSD - Data/Study/study-arhive/Для одногрупніків з паралели/smirnov-diplom-bilyard/-billiards/biliards/vendor/laravel/framework/src/Illuminate/Foundation/Http/Middleware/TransformsRequest.php(21): Illuminate\\Routing\\Pipeline->Illuminate\\Routing\\{closure}(Object(Illuminate\\Http\\Request))
#45 /Volumes/SSD - Data/Study/study-arhive/Для одногрупніків з паралели/smirnov-diplom-bilyard/-billiards/biliards/vendor/laravel/framework/src/Illuminate/Pipeline/Pipeline.php(163): Illuminate\\Foundation\\Http\\Middleware\\TransformsRequest->handle(Object(Illuminate\\Http\\Request), Object(Closure))
#46 /Volumes/SSD - Data/Study/study-arhive/Для одногрупніків з паралели/smirnov-diplom-bilyard/-billiards/biliards/vendor/laravel/framework/src/Illuminate/Routing/Pipeline.php(53): Illuminate\\Pipeline\\Pipeline->Illuminate\\Pipeline\\{closure}(Object(Illuminate\\Http\\Request))
#47 /Volumes/SSD - Data/Study/study-arhive/Для одногрупніків з паралели/smirnov-diplom-bilyard/-billiards/biliards/vendor/laravel/framework/src/Illuminate/Foundation/Http/Middleware/TransformsRequest.php(21): Illuminate\\Routing\\Pipeline->Illuminate\\Routing\\{closure}(Object(Illuminate\\Http\\Request))
#48 /Volumes/SSD - Data/Study/study-arhive/Для одногрупніків з паралели/smirnov-diplom-bilyard/-billiards/biliards/vendor/laravel/framework/src/Illuminate/Pipeline/Pipeline.php(163): Illuminate\\Foundation\\Http\\Middleware\\TransformsRequest->handle(Object(Illuminate\\Http\\Request), Object(Closure))
#49 /Volumes/SSD - Data/Study/study-arhive/Для одногрупніків з паралели/smirnov-diplom-bilyard/-billiards/biliards/vendor/laravel/framework/src/Illuminate/Routing/Pipeline.php(53): Illuminate\\Pipeline\\Pipeline->Illuminate\\Pipeline\\{closure}(Object(Illuminate\\Http\\Request))
#50 /Volumes/SSD - Data/Study/study-arhive/Для одногрупніків з паралели/smirnov-diplom-bilyard/-billiards/biliards/vendor/laravel/framework/src/Illuminate/Foundation/Http/Middleware/ValidatePostSize.php(27): Illuminate\\Routing\\Pipeline->Illuminate\\Routing\\{closure}(Object(Illuminate\\Http\\Request))
#51 /Volumes/SSD - Data/Study/study-arhive/Для одногрупніків з паралели/smirnov-diplom-bilyard/-billiards/biliards/vendor/laravel/framework/src/Illuminate/Pipeline/Pipeline.php(163): Illuminate\\Foundation\\Http\\Middleware\\ValidatePostSize->handle(Object(Illuminate\\Http\\Request), Object(Closure))
#52 /Volumes/SSD - Data/Study/study-arhive/Для одногрупніків з паралели/smirnov-diplom-bilyard/-billiards/biliards/vendor/laravel/framework/src/Illuminate/Routing/Pipeline.php(53): Illuminate\\Pipeline\\Pipeline->Illuminate\\Pipeline\\{closure}(Object(Illuminate\\Http\\Request))
#53 /Volumes/SSD - Data/Study/study-arhive/Для одногрупніків з паралели/smirnov-diplom-bilyard/-billiards/biliards/vendor/laravel/framework/src/Illuminate/Foundation/Http/Middleware/CheckForMaintenanceMode.php(62): Illuminate\\Routing\\Pipeline->Illuminate\\Routing\\{closure}(Object(Illuminate\\Http\\Request))
#54 /Volumes/SSD - Data/Study/study-arhive/Для одногрупніків з паралели/smirnov-diplom-bilyard/-billiards/biliards/vendor/laravel/framework/src/Illuminate/Pipeline/Pipeline.php(163): Illuminate\\Foundation\\Http\\Middleware\\CheckForMaintenanceMode->handle(Object(Illuminate\\Http\\Request), Object(Closure))
#55 /Volumes/SSD - Data/Study/study-arhive/Для одногрупніків з паралели/smirnov-diplom-bilyard/-billiards/biliards/vendor/laravel/framework/src/Illuminate/Routing/Pipeline.php(53): Illuminate\\Pipeline\\Pipeline->Illuminate\\Pipeline\\{closure}(Object(Illuminate\\Http\\Request))
#56 /Volumes/SSD - Data/Study/study-arhive/Для одногрупніків з паралели/smirnov-diplom-bilyard/-billiards/biliards/vendor/laravel/framework/src/Illuminate/Pipeline/Pipeline.php(104): Illuminate\\Routing\\Pipeline->Illuminate\\Routing\\{closure}(Object(Illuminate\\Http\\Request))
#57 /Volumes/SSD - Data/Study/study-arhive/Для одногрупніків з паралели/smirnov-diplom-bilyard/-billiards/biliards/vendor/laravel/framework/src/Illuminate/Foundation/Http/Kernel.php(151): Illuminate\\Pipeline\\Pipeline->then(Object(Closure))
#58 /Volumes/SSD - Data/Study/study-arhive/Для одногрупніків з паралели/smirnov-diplom-bilyard/-billiards/biliards/vendor/laravel/framework/src/Illuminate/Foundation/Http/Kernel.php(116): Illuminate\\Foundation\\Http\\Kernel->sendRequestThroughRouter(Object(Illuminate\\Http\\Request))
#59 /Volumes/SSD - Data/Study/study-arhive/Для одногрупніків з паралели/smirnov-diplom-bilyard/-billiards/biliards/public/index.php(52): Illuminate\\Foundation\\Http\\Kernel->handle(Object(Illuminate\\Http\\Request))
#60 /Volumes/SSD - Data/Study/study-arhive/Для одногрупніків з паралели/smirnov-diplom-bilyard/-billiards/biliards/server.php(21): require_once('/Volumes/SSD - ...')
#61 {main}
"} 
[2020-11-27 17:07:16] local.ERROR: SQLSTATE[HY000] [2002] No such file or directory (SQL: select * from `players`) {"exception":"[object] (Illuminate\\Database\\QueryException(code: 2002): SQLSTATE[HY000] [2002] No such file or directory (SQL: select * from `players`) at /Volumes/SSD - Data/Study/study-arhive/Для одногрупніків з паралели/smirnov-diplom-bilyard/-billiards/biliards/vendor/laravel/framework/src/Illuminate/Database/Connection.php:664, PDOException(code: 2002): SQLSTATE[HY000] [2002] No such file or directory at /Volumes/SSD - Data/Study/study-arhive/Для одногрупніків з паралели/smirnov-diplom-bilyard/-billiards/biliards/vendor/laravel/framework/src/Illuminate/Database/Connectors/Connector.php:70)
[stacktrace]
#0 /Volumes/SSD - Data/Study/study-arhive/Для одногрупніків з паралели/smirnov-diplom-bilyard/-billiards/biliards/vendor/laravel/framework/src/Illuminate/Database/Connection.php(624): Illuminate\\Database\\Connection->runQueryCallback('select * from `...', Array, Object(Closure))
#1 /Volumes/SSD - Data/Study/study-arhive/Для одногрупніків з паралели/smirnov-diplom-bilyard/-billiards/biliards/vendor/laravel/framework/src/Illuminate/Database/Connection.php(333): Illuminate\\Database\\Connection->run('select * from `...', Array, Object(Closure))
#2 /Volumes/SSD - Data/Study/study-arhive/Для одногрупніків з паралели/smirnov-diplom-bilyard/-billiards/biliards/vendor/laravel/framework/src/Illuminate/Database/Query/Builder.php(2130): Illuminate\\Database\\Connection->select('select * from `...', Array, true)
#3 /Volumes/SSD - Data/Study/study-arhive/Для одногрупніків з паралели/smirnov-diplom-bilyard/-billiards/biliards/vendor/laravel/framework/src/Illuminate/Database/Query/Builder.php(2118): Illuminate\\Database\\Query\\Builder->runSelect()
#4 /Volumes/SSD - Data/Study/study-arhive/Для одногрупніків з паралели/smirnov-diplom-bilyard/-billiards/biliards/vendor/laravel/framework/src/Illuminate/Database/Query/Builder.php(2604): Illuminate\\Database\\Query\\Builder->Illuminate\\Database\\Query\\{closure}()
#5 /Volumes/SSD - Data/Study/study-arhive/Для одногрупніків з паралели/smirnov-diplom-bilyard/-billiards/biliards/vendor/laravel/framework/src/Illuminate/Database/Query/Builder.php(2119): Illuminate\\Database\\Query\\Builder->onceWithColumns(Array, Object(Closure))
#6 /Volumes/SSD - Data/Study/study-arhive/Для одногрупніків з паралели/smirnov-diplom-bilyard/-billiards/biliards/vendor/laravel/framework/src/Illuminate/Database/Eloquent/Builder.php(521): Illuminate\\Database\\Query\\Builder->get(Array)
#7 /Volumes/SSD - Data/Study/study-arhive/Для одногрупніків з паралели/smirnov-diplom-bilyard/-billiards/biliards/vendor/laravel/framework/src/Illuminate/Database/Eloquent/Builder.php(505): Illuminate\\Database\\Eloquent\\Builder->getModels(Array)
#8 /Volumes/SSD - Data/Study/study-arhive/Для одногрупніків з паралели/smirnov-diplom-bilyard/-billiards/biliards/vendor/laravel/framework/src/Illuminate/Database/Eloquent/Model.php(462): Illuminate\\Database\\Eloquent\\Builder->get(Array)
#9 /Volumes/SSD - Data/Study/study-arhive/Для одногрупніків з паралели/smirnov-diplom-bilyard/-billiards/biliards/routes/web.php(26): Illuminate\\Database\\Eloquent\\Model::all()
#10 /Volumes/SSD - Data/Study/study-arhive/Для одногрупніків з паралели/smirnov-diplom-bilyard/-billiards/biliards/vendor/laravel/framework/src/Illuminate/Routing/Route.php(205): Illuminate\\Routing\\RouteFileRegistrar->{closure}()
#11 /Volumes/SSD - Data/Study/study-arhive/Для одногрупніків з паралели/smirnov-diplom-bilyard/-billiards/biliards/vendor/laravel/framework/src/Illuminate/Routing/Route.php(179): Illuminate\\Routing\\Route->runCallable()
#12 /Volumes/SSD - Data/Study/study-arhive/Для одногрупніків з паралели/smirnov-diplom-bilyard/-billiards/biliards/vendor/laravel/framework/src/Illuminate/Routing/Router.php(680): Illuminate\\Routing\\Route->run()
#13 /Volumes/SSD - Data/Study/study-arhive/Для одногрупніків з паралели/smirnov-diplom-bilyard/-billiards/biliards/vendor/laravel/framework/src/Illuminate/Routing/Pipeline.php(30): Illuminate\\Routing\\Router->Illuminate\\Routing\\{closure}(Object(Illuminate\\Http\\Request))
#14 /Volumes/SSD - Data/Study/study-arhive/Для одногрупніків з паралели/smirnov-diplom-bilyard/-billiards/biliards/vendor/laravel/framework/src/Illuminate/Routing/Middleware/SubstituteBindings.php(41): Illuminate\\Routing\\Pipeline->Illuminate\\Routing\\{closure}(Object(Illuminate\\Http\\Request))
#15 /Volumes/SSD - Data/Study/study-arhive/Для одногрупніків з паралели/smirnov-diplom-bilyard/-billiards/biliards/vendor/laravel/framework/src/Illuminate/Pipeline/Pipeline.php(163): Illuminate\\Routing\\Middleware\\SubstituteBindings->handle(Object(Illuminate\\Http\\Request), Object(Closure))
#16 /Volumes/SSD - Data/Study/study-arhive/Для одногрупніків з паралели/smirnov-diplom-bilyard/-billiards/biliards/vendor/laravel/framework/src/Illuminate/Routing/Pipeline.php(53): Illuminate\\Pipeline\\Pipeline->Illuminate\\Pipeline\\{closure}(Object(Illuminate\\Http\\Request))
#17 /Volumes/SSD - Data/Study/study-arhive/Для одногрупніків з паралели/smirnov-diplom-bilyard/-billiards/biliards/vendor/laravel/framework/src/Illuminate/Foundation/Http/Middleware/VerifyCsrfToken.php(75): Illuminate\\Routing\\Pipeline->Illuminate\\Routing\\{closure}(Object(Illuminate\\Http\\Request))
#18 /Volumes/SSD - Data/Study/study-arhive/Для одногрупніків з паралели/smirnov-diplom-bilyard/-billiards/biliards/vendor/laravel/framework/src/Illuminate/Pipeline/Pipeline.php(163): Illuminate\\Foundation\\Http\\Middleware\\VerifyCsrfToken->handle(Object(Illuminate\\Http\\Request), Object(Closure))
#19 /Volumes/SSD - Data/Study/study-arhive/Для одногрупніків з паралели/smirnov-diplom-bilyard/-billiards/biliards/vendor/laravel/framework/src/Illuminate/Routing/Pipeline.php(53): Illuminate\\Pipeline\\Pipeline->Illuminate\\Pipeline\\{closure}(Object(Illuminate\\Http\\Request))
#20 /Volumes/SSD - Data/Study/study-arhive/Для одногрупніків з паралели/smirnov-diplom-bilyard/-billiards/biliards/vendor/laravel/framework/src/Illuminate/View/Middleware/ShareErrorsFromSession.php(49): Illuminate\\Routing\\Pipeline->Illuminate\\Routing\\{closure}(Object(Illuminate\\Http\\Request))
#21 /Volumes/SSD - Data/Study/study-arhive/Для одногрупніків з паралели/smirnov-diplom-bilyard/-billiards/biliards/vendor/laravel/framework/src/Illuminate/Pipeline/Pipeline.php(163): Illuminate\\View\\Middleware\\ShareErrorsFromSession->handle(Object(Illuminate\\Http\\Request), Object(Closure))
#22 /Volumes/SSD - Data/Study/study-arhive/Для одногрупніків з паралели/smirnov-diplom-bilyard/-billiards/biliards/vendor/laravel/framework/src/Illuminate/Routing/Pipeline.php(53): Illuminate\\Pipeline\\Pipeline->Illuminate\\Pipeline\\{closure}(Object(Illuminate\\Http\\Request))
#23 /Volumes/SSD - Data/Study/study-arhive/Для одногрупніків з паралели/smirnov-diplom-bilyard/-billiards/biliards/vendor/laravel/framework/src/Illuminate/Session/Middleware/StartSession.php(56): Illuminate\\Routing\\Pipeline->Illuminate\\Routing\\{closure}(Object(Illuminate\\Http\\Request))
#24 /Volumes/SSD - Data/Study/study-arhive/Для одногрупніків з паралели/smirnov-diplom-bilyard/-billiards/biliards/vendor/laravel/framework/src/Illuminate/Pipeline/Pipeline.php(163): Illuminate\\Session\\Middleware\\StartSession->handle(Object(Illuminate\\Http\\Request), Object(Closure))
#25 /Volumes/SSD - Data/Study/study-arhive/Для одногрупніків з паралели/smirnov-diplom-bilyard/-billiards/biliards/vendor/laravel/framework/src/Illuminate/Routing/Pipeline.php(53): Illuminate\\Pipeline\\Pipeline->Illuminate\\Pipeline\\{closure}(Object(Illuminate\\Http\\Request))
#26 /Volumes/SSD - Data/Study/study-arhive/Для одногрупніків з паралели/smirnov-diplom-bilyard/-billiards/biliards/vendor/laravel/framework/src/Illuminate/Cookie/Middleware/AddQueuedCookiesToResponse.php(37): Illuminate\\Routing\\Pipeline->Illuminate\\Routing\\{closure}(Object(Illuminate\\Http\\Request))
#27 /Volumes/SSD - Data/Study/study-arhive/Для одногрупніків з паралели/smirnov-diplom-bilyard/-billiards/biliards/vendor/laravel/framework/src/Illuminate/Pipeline/Pipeline.php(163): Illuminate\\Cookie\\Middleware\\AddQueuedCookiesToResponse->handle(Object(Illuminate\\Http\\Request), Object(Closure))
#28 /Volumes/SSD - Data/Study/study-arhive/Для одногрупніків з паралели/smirnov-diplom-bilyard/-billiards/biliards/vendor/laravel/framework/src/Illuminate/Routing/Pipeline.php(53): Illuminate\\Pipeline\\Pipeline->Illuminate\\Pipeline\\{closure}(Object(Illuminate\\Http\\Request))
#29 /Volumes/SSD - Data/Study/study-arhive/Для одногрупніків з паралели/smirnov-diplom-bilyard/-billiards/biliards/vendor/laravel/framework/src/Illuminate/Cookie/Middleware/EncryptCookies.php(66): Illuminate\\Routing\\Pipeline->Illuminate\\Routing\\{closure}(Object(Illuminate\\Http\\Request))
#30 /Volumes/SSD - Data/Study/study-arhive/Для одногрупніків з паралели/smirnov-diplom-bilyard/-billiards/biliards/vendor/laravel/framework/src/Illuminate/Pipeline/Pipeline.php(163): Illuminate\\Cookie\\Middleware\\EncryptCookies->handle(Object(Illuminate\\Http\\Request), Object(Closure))
#31 /Volumes/SSD - Data/Study/study-arhive/Для одногрупніків з паралели/smirnov-diplom-bilyard/-billiards/biliards/vendor/laravel/framework/src/Illuminate/Routing/Pipeline.php(53): Illuminate\\Pipeline\\Pipeline->Illuminate\\Pipeline\\{closure}(Object(Illuminate\\Http\\Request))
#32 /Volumes/SSD - Data/Study/study-arhive/Для одногрупніків з паралели/smirnov-diplom-bilyard/-billiards/biliards/vendor/laravel/framework/src/Illuminate/Pipeline/Pipeline.php(104): Illuminate\\Routing\\Pipeline->Illuminate\\Routing\\{closure}(Object(Illuminate\\Http\\Request))
#33 /Volumes/SSD - Data/Study/study-arhive/Для одногрупніків з паралели/smirnov-diplom-bilyard/-billiards/biliards/vendor/laravel/framework/src/Illuminate/Routing/Router.php(682): Illuminate\\Pipeline\\Pipeline->then(Object(Closure))
#34 /Volumes/SSD - Data/Study/study-arhive/Для одногрупніків з паралели/smirnov-diplom-bilyard/-billiards/biliards/vendor/laravel/framework/src/Illuminate/Routing/Router.php(657): Illuminate\\Routing\\Router->runRouteWithinStack(Object(Illuminate\\Routing\\Route), Object(Illuminate\\Http\\Request))
#35 /Volumes/SSD - Data/Study/study-arhive/Для одногрупніків з паралели/smirnov-diplom-bilyard/-billiards/biliards/vendor/laravel/framework/src/Illuminate/Routing/Router.php(623): Illuminate\\Routing\\Router->runRoute(Object(Illuminate\\Http\\Request), Object(Illuminate\\Routing\\Route))
#36 /Volumes/SSD - Data/Study/study-arhive/Для одногрупніків з паралели/smirnov-diplom-bilyard/-billiards/biliards/vendor/laravel/framework/src/Illuminate/Routing/Router.php(612): Illuminate\\Routing\\Router->dispatchToRoute(Object(Illuminate\\Http\\Request))
#37 /Volumes/SSD - Data/Study/study-arhive/Для одногрупніків з паралели/smirnov-diplom-bilyard/-billiards/biliards/vendor/laravel/framework/src/Illuminate/Foundation/Http/Kernel.php(176): Illuminate\\Routing\\Router->dispatch(Object(Illuminate\\Http\\Request))
#38 /Volumes/SSD - Data/Study/study-arhive/Для одногрупніків з паралели/smirnov-diplom-bilyard/-billiards/biliards/vendor/laravel/framework/src/Illuminate/Routing/Pipeline.php(30): Illuminate\\Foundation\\Http\\Kernel->Illuminate\\Foundation\\Http\\{closure}(Object(Illuminate\\Http\\Request))
#39 /Volumes/SSD - Data/Study/study-arhive/Для одногрупніків з паралели/smirnov-diplom-bilyard/-billiards/biliards/vendor/fideloper/proxy/src/TrustProxies.php(57): Illuminate\\Routing\\Pipeline->Illuminate\\Routing\\{closure}(Object(Illuminate\\Http\\Request))
#40 /Volumes/SSD - Data/Study/study-arhive/Для одногрупніків з паралели/smirnov-diplom-bilyard/-billiards/biliards/vendor/laravel/framework/src/Illuminate/Pipeline/Pipeline.php(163): Fideloper\\Proxy\\TrustProxies->handle(Object(Illuminate\\Http\\Request), Object(Closure))
#41 /Volumes/SSD - Data/Study/study-arhive/Для одногрупніків з паралели/smirnov-diplom-bilyard/-billiards/biliards/vendor/laravel/framework/src/Illuminate/Routing/Pipeline.php(53): Illuminate\\Pipeline\\Pipeline->Illuminate\\Pipeline\\{closure}(Object(Illuminate\\Http\\Request))
#42 /Volumes/SSD - Data/Study/study-arhive/Для одногрупніків з паралели/smirnov-diplom-bilyard/-billiards/biliards/vendor/laravel/framework/src/Illuminate/Foundation/Http/Middleware/TransformsRequest.php(21): Illuminate\\Routing\\Pipeline->Illuminate\\Routing\\{closure}(Object(Illuminate\\Http\\Request))
#43 /Volumes/SSD - Data/Study/study-arhive/Для одногрупніків з паралели/smirnov-diplom-bilyard/-billiards/biliards/vendor/laravel/framework/src/Illuminate/Pipeline/Pipeline.php(163): Illuminate\\Foundation\\Http\\Middleware\\TransformsRequest->handle(Object(Illuminate\\Http\\Request), Object(Closure))
#44 /Volumes/SSD - Data/Study/study-arhive/Для одногрупніків з паралели/smirnov-diplom-bilyard/-billiards/biliards/vendor/laravel/framework/src/Illuminate/Routing/Pipeline.php(53): Illuminate\\Pipeline\\Pipeline->Illuminate\\Pipeline\\{closure}(Object(Illuminate\\Http\\Request))
#45 /Volumes/SSD - Data/Study/study-arhive/Для одногрупніків з паралели/smirnov-diplom-bilyard/-billiards/biliards/vendor/laravel/framework/src/Illuminate/Foundation/Http/Middleware/TransformsRequest.php(21): Illuminate\\Routing\\Pipeline->Illuminate\\Routing\\{closure}(Object(Illuminate\\Http\\Request))
#46 /Volumes/SSD - Data/Study/study-arhive/Для одногрупніків з паралели/smirnov-diplom-bilyard/-billiards/biliards/vendor/laravel/framework/src/Illuminate/Pipeline/Pipeline.php(163): Illuminate\\Foundation\\Http\\Middleware\\TransformsRequest->handle(Object(Illuminate\\Http\\Request), Object(Closure))
#47 /Volumes/SSD - Data/Study/study-arhive/Для одногрупніків з паралели/smirnov-diplom-bilyard/-billiards/biliards/vendor/laravel/framework/src/Illuminate/Routing/Pipeline.php(53): Illuminate\\Pipeline\\Pipeline->Illuminate\\Pipeline\\{closure}(Object(Illuminate\\Http\\Request))
#48 /Volumes/SSD - Data/Study/study-arhive/Для одногрупніків з паралели/smirnov-diplom-bilyard/-billiards/biliards/vendor/laravel/framework/src/Illuminate/Foundation/Http/Middleware/ValidatePostSize.php(27): Illuminate\\Routing\\Pipeline->Illuminate\\Routing\\{closure}(Object(Illuminate\\Http\\Request))
#49 /Volumes/SSD - Data/Study/study-arhive/Для одногрупніків з паралели/smirnov-diplom-bilyard/-billiards/biliards/vendor/laravel/framework/src/Illuminate/Pipeline/Pipeline.php(163): Illuminate\\Foundation\\Http\\Middleware\\ValidatePostSize->handle(Object(Illuminate\\Http\\Request), Object(Closure))
#50 /Volumes/SSD - Data/Study/study-arhive/Для одногрупніків з паралели/smirnov-diplom-bilyard/-billiards/biliards/vendor/laravel/framework/src/Illuminate/Routing/Pipeline.php(53): Illuminate\\Pipeline\\Pipeline->Illuminate\\Pipeline\\{closure}(Object(Illuminate\\Http\\Request))
#51 /Volumes/SSD - Data/Study/study-arhive/Для одногрупніків з паралели/smirnov-diplom-bilyard/-billiards/biliards/vendor/laravel/framework/src/Illuminate/Foundation/Http/Middleware/CheckForMaintenanceMode.php(62): Illuminate\\Routing\\Pipeline->Illuminate\\Routing\\{closure}(Object(Illuminate\\Http\\Request))
#52 /Volumes/SSD - Data/Study/study-arhive/Для одногрупніків з паралели/smirnov-diplom-bilyard/-billiards/biliards/vendor/laravel/framework/src/Illuminate/Pipeline/Pipeline.php(163): Illuminate\\Foundation\\Http\\Middleware\\CheckForMaintenanceMode->handle(Object(Illuminate\\Http\\Request), Object(Closure))
#53 /Volumes/SSD - Data/Study/study-arhive/Для одногрупніків з паралели/smirnov-diplom-bilyard/-billiards/biliards/vendor/laravel/framework/src/Illuminate/Routing/Pipeline.php(53): Illuminate\\Pipeline\\Pipeline->Illuminate\\Pipeline\\{closure}(Object(Illuminate\\Http\\Request))
#54 /Volumes/SSD - Data/Study/study-arhive/Для одногрупніків з паралели/smirnov-diplom-bilyard/-billiards/biliards/vendor/laravel/framework/src/Illuminate/Pipeline/Pipeline.php(104): Illuminate\\Routing\\Pipeline->Illuminate\\Routing\\{closure}(Object(Illuminate\\Http\\Request))
#55 /Volumes/SSD - Data/Study/study-arhive/Для одногрупніків з паралели/smirnov-diplom-bilyard/-billiards/biliards/vendor/laravel/framework/src/Illuminate/Foundation/Http/Kernel.php(151): Illuminate\\Pipeline\\Pipeline->then(Object(Closure))
#56 /Volumes/SSD - Data/Study/study-arhive/Для одногрупніків з паралели/smirnov-diplom-bilyard/-billiards/biliards/vendor/laravel/framework/src/Illuminate/Foundation/Http/Kernel.php(116): Illuminate\\Foundation\\Http\\Kernel->sendRequestThroughRouter(Object(Illuminate\\Http\\Request))
#57 /Volumes/SSD - Data/Study/study-arhive/Для одногрупніків з паралели/smirnov-diplom-bilyard/-billiards/biliards/public/index.php(52): Illuminate\\Foundation\\Http\\Kernel->handle(Object(Illuminate\\Http\\Request))
#58 /Volumes/SSD - Data/Study/study-arhive/Для одногрупніків з паралели/smirnov-diplom-bilyard/-billiards/biliards/server.php(21): require_once('/Volumes/SSD - ...')
#59 {main}
"} 
[2020-11-27 17:10:18] local.ERROR: Undefined variable: pie_chart (View: /Volumes/SSD - Data/Study/study-arhive/Для одногрупніків з паралели/smirnov-diplom-bilyard/-billiards/biliards/resources/views/statistics.blade.php) {"userId":3,"exception":"[object] (ErrorException(code: 0): Undefined variable: pie_chart (View: /Volumes/SSD - Data/Study/study-arhive/Для одногрупніків з паралели/smirnov-diplom-bilyard/-billiards/biliards/resources/views/statistics.blade.php) at /Volumes/SSD - Data/Study/study-arhive/Для одногрупніків з паралели/smirnov-diplom-bilyard/-billiards/biliards/storage/framework/views/cca8bb36f23c26d6e16142a3d4e2404480531779.php:23, ErrorException(code: 0): Undefined variable: pie_chart at /Volumes/SSD - Data/Study/study-arhive/Для одногрупніків з паралели/smirnov-diplom-bilyard/-billiards/biliards/storage/framework/views/cca8bb36f23c26d6e16142a3d4e2404480531779.php:23)
[stacktrace]
#0 /Volumes/SSD - Data/Study/study-arhive/Для одногрупніків з паралели/smirnov-diplom-bilyard/-billiards/biliards/vendor/laravel/framework/src/Illuminate/View/Engines/PhpEngine.php(45): Illuminate\\View\\Engines\\CompilerEngine->handleViewException(Object(ErrorException), 1)
#1 /Volumes/SSD - Data/Study/study-arhive/Для одногрупніків з паралели/smirnov-diplom-bilyard/-billiards/biliards/vendor/laravel/framework/src/Illuminate/View/Engines/CompilerEngine.php(59): Illuminate\\View\\Engines\\PhpEngine->evaluatePath('/Volumes/SSD - ...', Array)
#2 /Volumes/SSD - Data/Study/study-arhive/Для одногрупніків з паралели/smirnov-diplom-bilyard/-billiards/biliards/vendor/laravel/framework/src/Illuminate/View/View.php(142): Illuminate\\View\\Engines\\CompilerEngine->get('/Volumes/SSD - ...', Array)
#3 /Volumes/SSD - Data/Study/study-arhive/Для одногрупніків з паралели/smirnov-diplom-bilyard/-billiards/biliards/vendor/laravel/framework/src/Illuminate/View/View.php(125): Illuminate\\View\\View->getContents()
#4 /Volumes/SSD - Data/Study/study-arhive/Для одногрупніків з паралели/smirnov-diplom-bilyard/-billiards/biliards/vendor/laravel/framework/src/Illuminate/View/View.php(90): Illuminate\\View\\View->renderContents()
#5 /Volumes/SSD - Data/Study/study-arhive/Для одногрупніків з паралели/smirnov-diplom-bilyard/-billiards/biliards/vendor/laravel/framework/src/Illuminate/Http/Response.php(42): Illuminate\\View\\View->render()
#6 /Volumes/SSD - Data/Study/study-arhive/Для одногрупніків з паралели/smirnov-diplom-bilyard/-billiards/biliards/vendor/symfony/http-foundation/Response.php(205): Illuminate\\Http\\Response->setContent(Object(Illuminate\\View\\View))
#7 /Volumes/SSD - Data/Study/study-arhive/Для одногрупніків з паралели/smirnov-diplom-bilyard/-billiards/biliards/vendor/laravel/framework/src/Illuminate/Routing/Router.php(748): Symfony\\Component\\HttpFoundation\\Response->__construct(Object(Illuminate\\View\\View))
#8 /Volumes/SSD - Data/Study/study-arhive/Для одногрупніків з паралели/smirnov-diplom-bilyard/-billiards/biliards/vendor/laravel/framework/src/Illuminate/Routing/Router.php(720): Illuminate\\Routing\\Router::toResponse(Object(Illuminate\\Http\\Request), Object(Illuminate\\View\\View))
#9 /Volumes/SSD - Data/Study/study-arhive/Для одногрупніків з паралели/smirnov-diplom-bilyard/-billiards/biliards/vendor/laravel/framework/src/Illuminate/Routing/Router.php(680): Illuminate\\Routing\\Router->prepareResponse(Object(Illuminate\\Http\\Request), Object(Illuminate\\View\\View))
#10 /Volumes/SSD - Data/Study/study-arhive/Для одногрупніків з паралели/smirnov-diplom-bilyard/-billiards/biliards/vendor/laravel/framework/src/Illuminate/Routing/Pipeline.php(30): Illuminate\\Routing\\Router->Illuminate\\Routing\\{closure}(Object(Illuminate\\Http\\Request))
#11 /Volumes/SSD - Data/Study/study-arhive/Для одногрупніків з паралели/smirnov-diplom-bilyard/-billiards/biliards/vendor/laravel/framework/src/Illuminate/Routing/Middleware/SubstituteBindings.php(41): Illuminate\\Routing\\Pipeline->Illuminate\\Routing\\{closure}(Object(Illuminate\\Http\\Request))
#12 /Volumes/SSD - Data/Study/study-arhive/Для одногрупніків з паралели/smirnov-diplom-bilyard/-billiards/biliards/vendor/laravel/framework/src/Illuminate/Pipeline/Pipeline.php(163): Illuminate\\Routing\\Middleware\\SubstituteBindings->handle(Object(Illuminate\\Http\\Request), Object(Closure))
#13 /Volumes/SSD - Data/Study/study-arhive/Для одногрупніків з паралели/smirnov-diplom-bilyard/-billiards/biliards/vendor/laravel/framework/src/Illuminate/Routing/Pipeline.php(53): Illuminate\\Pipeline\\Pipeline->Illuminate\\Pipeline\\{closure}(Object(Illuminate\\Http\\Request))
#14 /Volumes/SSD - Data/Study/study-arhive/Для одногрупніків з паралели/smirnov-diplom-bilyard/-billiards/biliards/vendor/laravel/framework/src/Illuminate/Auth/Middleware/Authenticate.php(43): Illuminate\\Routing\\Pipeline->Illuminate\\Routing\\{closure}(Object(Illuminate\\Http\\Request))
#15 /Volumes/SSD - Data/Study/study-arhive/Для одногрупніків з паралели/smirnov-diplom-bilyard/-billiards/biliards/vendor/laravel/framework/src/Illuminate/Pipeline/Pipeline.php(163): Illuminate\\Auth\\Middleware\\Authenticate->handle(Object(Illuminate\\Http\\Request), Object(Closure))
#16 /Volumes/SSD - Data/Study/study-arhive/Для одногрупніків з паралели/smirnov-diplom-bilyard/-billiards/biliards/vendor/laravel/framework/src/Illuminate/Routing/Pipeline.php(53): Illuminate\\Pipeline\\Pipeline->Illuminate\\Pipeline\\{closure}(Object(Illuminate\\Http\\Request))
#17 /Volumes/SSD - Data/Study/study-arhive/Для одногрупніків з паралели/smirnov-diplom-bilyard/-billiards/biliards/vendor/laravel/framework/src/Illuminate/Foundation/Http/Middleware/VerifyCsrfToken.php(75): Illuminate\\Routing\\Pipeline->Illuminate\\Routing\\{closure}(Object(Illuminate\\Http\\Request))
#18 /Volumes/SSD - Data/Study/study-arhive/Для одногрупніків з паралели/smirnov-diplom-bilyard/-billiards/biliards/vendor/laravel/framework/src/Illuminate/Pipeline/Pipeline.php(163): Illuminate\\Foundation\\Http\\Middleware\\VerifyCsrfToken->handle(Object(Illuminate\\Http\\Request), Object(Closure))
#19 /Volumes/SSD - Data/Study/study-arhive/Для одногрупніків з паралели/smirnov-diplom-bilyard/-billiards/biliards/vendor/laravel/framework/src/Illuminate/Routing/Pipeline.php(53): Illuminate\\Pipeline\\Pipeline->Illuminate\\Pipeline\\{closure}(Object(Illuminate\\Http\\Request))
#20 /Volumes/SSD - Data/Study/study-arhive/Для одногрупніків з паралели/smirnov-diplom-bilyard/-billiards/biliards/vendor/laravel/framework/src/Illuminate/View/Middleware/ShareErrorsFromSession.php(49): Illuminate\\Routing\\Pipeline->Illuminate\\Routing\\{closure}(Object(Illuminate\\Http\\Request))
#21 /Volumes/SSD - Data/Study/study-arhive/Для одногрупніків з паралели/smirnov-diplom-bilyard/-billiards/biliards/vendor/laravel/framework/src/Illuminate/Pipeline/Pipeline.php(163): Illuminate\\View\\Middleware\\ShareErrorsFromSession->handle(Object(Illuminate\\Http\\Request), Object(Closure))
#22 /Volumes/SSD - Data/Study/study-arhive/Для одногрупніків з паралели/smirnov-diplom-bilyard/-billiards/biliards/vendor/laravel/framework/src/Illuminate/Routing/Pipeline.php(53): Illuminate\\Pipeline\\Pipeline->Illuminate\\Pipeline\\{closure}(Object(Illuminate\\Http\\Request))
#23 /Volumes/SSD - Data/Study/study-arhive/Для одногрупніків з паралели/smirnov-diplom-bilyard/-billiards/biliards/vendor/laravel/framework/src/Illuminate/Session/Middleware/StartSession.php(56): Illuminate\\Routing\\Pipeline->Illuminate\\Routing\\{closure}(Object(Illuminate\\Http\\Request))
#24 /Volumes/SSD - Data/Study/study-arhive/Для одногрупніків з паралели/smirnov-diplom-bilyard/-billiards/biliards/vendor/laravel/framework/src/Illuminate/Pipeline/Pipeline.php(163): Illuminate\\Session\\Middleware\\StartSession->handle(Object(Illuminate\\Http\\Request), Object(Closure))
#25 /Volumes/SSD - Data/Study/study-arhive/Для одногрупніків з паралели/smirnov-diplom-bilyard/-billiards/biliards/vendor/laravel/framework/src/Illuminate/Routing/Pipeline.php(53): Illuminate\\Pipeline\\Pipeline->Illuminate\\Pipeline\\{closure}(Object(Illuminate\\Http\\Request))
#26 /Volumes/SSD - Data/Study/study-arhive/Для одногрупніків з паралели/smirnov-diplom-bilyard/-billiards/biliards/vendor/laravel/framework/src/Illuminate/Cookie/Middleware/AddQueuedCookiesToResponse.php(37): Illuminate\\Routing\\Pipeline->Illuminate\\Routing\\{closure}(Object(Illuminate\\Http\\Request))
#27 /Volumes/SSD - Data/Study/study-arhive/Для одногрупніків з паралели/smirnov-diplom-bilyard/-billiards/biliards/vendor/laravel/framework/src/Illuminate/Pipeline/Pipeline.php(163): Illuminate\\Cookie\\Middleware\\AddQueuedCookiesToResponse->handle(Object(Illuminate\\Http\\Request), Object(Closure))
#28 /Volumes/SSD - Data/Study/study-arhive/Для одногрупніків з паралели/smirnov-diplom-bilyard/-billiards/biliards/vendor/laravel/framework/src/Illuminate/Routing/Pipeline.php(53): Illuminate\\Pipeline\\Pipeline->Illuminate\\Pipeline\\{closure}(Object(Illuminate\\Http\\Request))
#29 /Volumes/SSD - Data/Study/study-arhive/Для одногрупніків з паралели/smirnov-diplom-bilyard/-billiards/biliards/vendor/laravel/framework/src/Illuminate/Cookie/Middleware/EncryptCookies.php(66): Illuminate\\Routing\\Pipeline->Illuminate\\Routing\\{closure}(Object(Illuminate\\Http\\Request))
#30 /Volumes/SSD - Data/Study/study-arhive/Для одногрупніків з паралели/smirnov-diplom-bilyard/-billiards/biliards/vendor/laravel/framework/src/Illuminate/Pipeline/Pipeline.php(163): Illuminate\\Cookie\\Middleware\\EncryptCookies->handle(Object(Illuminate\\Http\\Request), Object(Closure))
#31 /Volumes/SSD - Data/Study/study-arhive/Для одногрупніків з паралели/smirnov-diplom-bilyard/-billiards/biliards/vendor/laravel/framework/src/Illuminate/Routing/Pipeline.php(53): Illuminate\\Pipeline\\Pipeline->Illuminate\\Pipeline\\{closure}(Object(Illuminate\\Http\\Request))
#32 /Volumes/SSD - Data/Study/study-arhive/Для одногрупніків з паралели/smirnov-diplom-bilyard/-billiards/biliards/vendor/laravel/framework/src/Illuminate/Pipeline/Pipeline.php(104): Illuminate\\Routing\\Pipeline->Illuminate\\Routing\\{closure}(Object(Illuminate\\Http\\Request))
#33 /Volumes/SSD - Data/Study/study-arhive/Для одногрупніків з паралели/smirnov-diplom-bilyard/-billiards/biliards/vendor/laravel/framework/src/Illuminate/Routing/Router.php(682): Illuminate\\Pipeline\\Pipeline->then(Object(Closure))
#34 /Volumes/SSD - Data/Study/study-arhive/Для одногрупніків з паралели/smirnov-diplom-bilyard/-billiards/biliards/vendor/laravel/framework/src/Illuminate/Routing/Router.php(657): Illuminate\\Routing\\Router->runRouteWithinStack(Object(Illuminate\\Routing\\Route), Object(Illuminate\\Http\\Request))
#35 /Volumes/SSD - Data/Study/study-arhive/Для одногрупніків з паралели/smirnov-diplom-bilyard/-billiards/biliards/vendor/laravel/framework/src/Illuminate/Routing/Router.php(623): Illuminate\\Routing\\Router->runRoute(Object(Illuminate\\Http\\Request), Object(Illuminate\\Routing\\Route))
#36 /Volumes/SSD - Data/Study/study-arhive/Для одногрупніків з паралели/smirnov-diplom-bilyard/-billiards/biliards/vendor/laravel/framework/src/Illuminate/Routing/Router.php(612): Illuminate\\Routing\\Router->dispatchToRoute(Object(Illuminate\\Http\\Request))
#37 /Volumes/SSD - Data/Study/study-arhive/Для одногрупніків з паралели/smirnov-diplom-bilyard/-billiards/biliards/vendor/laravel/framework/src/Illuminate/Foundation/Http/Kernel.php(176): Illuminate\\Routing\\Router->dispatch(Object(Illuminate\\Http\\Request))
#38 /Volumes/SSD - Data/Study/study-arhive/Для одногрупніків з паралели/smirnov-diplom-bilyard/-billiards/biliards/vendor/laravel/framework/src/Illuminate/Routing/Pipeline.php(30): Illuminate\\Foundation\\Http\\Kernel->Illuminate\\Foundation\\Http\\{closure}(Object(Illuminate\\Http\\Request))
#39 /Volumes/SSD - Data/Study/study-arhive/Для одногрупніків з паралели/smirnov-diplom-bilyard/-billiards/biliards/vendor/fideloper/proxy/src/TrustProxies.php(57): Illuminate\\Routing\\Pipeline->Illuminate\\Routing\\{closure}(Object(Illuminate\\Http\\Request))
#40 /Volumes/SSD - Data/Study/study-arhive/Для одногрупніків з паралели/smirnov-diplom-bilyard/-billiards/biliards/vendor/laravel/framework/src/Illuminate/Pipeline/Pipeline.php(163): Fideloper\\Proxy\\TrustProxies->handle(Object(Illuminate\\Http\\Request), Object(Closure))
#41 /Volumes/SSD - Data/Study/study-arhive/Для одногрупніків з паралели/smirnov-diplom-bilyard/-billiards/biliards/vendor/laravel/framework/src/Illuminate/Routing/Pipeline.php(53): Illuminate\\Pipeline\\Pipeline->Illuminate\\Pipeline\\{closure}(Object(Illuminate\\Http\\Request))
#42 /Volumes/SSD - Data/Study/study-arhive/Для одногрупніків з паралели/smirnov-diplom-bilyard/-billiards/biliards/vendor/laravel/framework/src/Illuminate/Foundation/Http/Middleware/TransformsRequest.php(21): Illuminate\\Routing\\Pipeline->Illuminate\\Routing\\{closure}(Object(Illuminate\\Http\\Request))
#43 /Volumes/SSD - Data/Study/study-arhive/Для одногрупніків з паралели/smirnov-diplom-bilyard/-billiards/biliards/vendor/laravel/framework/src/Illuminate/Pipeline/Pipeline.php(163): Illuminate\\Foundation\\Http\\Middleware\\TransformsRequest->handle(Object(Illuminate\\Http\\Request), Object(Closure))
#44 /Volumes/SSD - Data/Study/study-arhive/Для одногрупніків з паралели/smirnov-diplom-bilyard/-billiards/biliards/vendor/laravel/framework/src/Illuminate/Routing/Pipeline.php(53): Illuminate\\Pipeline\\Pipeline->Illuminate\\Pipeline\\{closure}(Object(Illuminate\\Http\\Request))
#45 /Volumes/SSD - Data/Study/study-arhive/Для одногрупніків з паралели/smirnov-diplom-bilyard/-billiards/biliards/vendor/laravel/framework/src/Illuminate/Foundation/Http/Middleware/TransformsRequest.php(21): Illuminate\\Routing\\Pipeline->Illuminate\\Routing\\{closure}(Object(Illuminate\\Http\\Request))
#46 /Volumes/SSD - Data/Study/study-arhive/Для одногрупніків з паралели/smirnov-diplom-bilyard/-billiards/biliards/vendor/laravel/framework/src/Illuminate/Pipeline/Pipeline.php(163): Illuminate\\Foundation\\Http\\Middleware\\TransformsRequest->handle(Object(Illuminate\\Http\\Request), Object(Closure))
#47 /Volumes/SSD - Data/Study/study-arhive/Для одногрупніків з паралели/smirnov-diplom-bilyard/-billiards/biliards/vendor/laravel/framework/src/Illuminate/Routing/Pipeline.php(53): Illuminate\\Pipeline\\Pipeline->Illuminate\\Pipeline\\{closure}(Object(Illuminate\\Http\\Request))
#48 /Volumes/SSD - Data/Study/study-arhive/Для одногрупніків з паралели/smirnov-diplom-bilyard/-billiards/biliards/vendor/laravel/framework/src/Illuminate/Foundation/Http/Middleware/ValidatePostSize.php(27): Illuminate\\Routing\\Pipeline->Illuminate\\Routing\\{closure}(Object(Illuminate\\Http\\Request))
#49 /Volumes/SSD - Data/Study/study-arhive/Для одногрупніків з паралели/smirnov-diplom-bilyard/-billiards/biliards/vendor/laravel/framework/src/Illuminate/Pipeline/Pipeline.php(163): Illuminate\\Foundation\\Http\\Middleware\\ValidatePostSize->handle(Object(Illuminate\\Http\\Request), Object(Closure))
#50 /Volumes/SSD - Data/Study/study-arhive/Для одногрупніків з паралели/smirnov-diplom-bilyard/-billiards/biliards/vendor/laravel/framework/src/Illuminate/Routing/Pipeline.php(53): Illuminate\\Pipeline\\Pipeline->Illuminate\\Pipeline\\{closure}(Object(Illuminate\\Http\\Request))
#51 /Volumes/SSD - Data/Study/study-arhive/Для одногрупніків з паралели/smirnov-diplom-bilyard/-billiards/biliards/vendor/laravel/framework/src/Illuminate/Foundation/Http/Middleware/CheckForMaintenanceMode.php(62): Illuminate\\Routing\\Pipeline->Illuminate\\Routing\\{closure}(Object(Illuminate\\Http\\Request))
#52 /Volumes/SSD - Data/Study/study-arhive/Для одногрупніків з паралели/smirnov-diplom-bilyard/-billiards/biliards/vendor/laravel/framework/src/Illuminate/Pipeline/Pipeline.php(163): Illuminate\\Foundation\\Http\\Middleware\\CheckForMaintenanceMode->handle(Object(Illuminate\\Http\\Request), Object(Closure))
#53 /Volumes/SSD - Data/Study/study-arhive/Для одногрупніків з паралели/smirnov-diplom-bilyard/-billiards/biliards/vendor/laravel/framework/src/Illuminate/Routing/Pipeline.php(53): Illuminate\\Pipeline\\Pipeline->Illuminate\\Pipeline\\{closure}(Object(Illuminate\\Http\\Request))
#54 /Volumes/SSD - Data/Study/study-arhive/Для одногрупніків з паралели/smirnov-diplom-bilyard/-billiards/biliards/vendor/laravel/framework/src/Illuminate/Pipeline/Pipeline.php(104): Illuminate\\Routing\\Pipeline->Illuminate\\Routing\\{closure}(Object(Illuminate\\Http\\Request))
#55 /Volumes/SSD - Data/Study/study-arhive/Для одногрупніків з паралели/smirnov-diplom-bilyard/-billiards/biliards/vendor/laravel/framework/src/Illuminate/Foundation/Http/Kernel.php(151): Illuminate\\Pipeline\\Pipeline->then(Object(Closure))
#56 /Volumes/SSD - Data/Study/study-arhive/Для одногрупніків з паралели/smirnov-diplom-bilyard/-billiards/biliards/vendor/laravel/framework/src/Illuminate/Foundation/Http/Kernel.php(116): Illuminate\\Foundation\\Http\\Kernel->sendRequestThroughRouter(Object(Illuminate\\Http\\Request))
#57 /Volumes/SSD - Data/Study/study-arhive/Для одногрупніків з паралели/smirnov-diplom-bilyard/-billiards/biliards/public/index.php(52): Illuminate\\Foundation\\Http\\Kernel->handle(Object(Illuminate\\Http\\Request))
#58 /Volumes/SSD - Data/Study/study-arhive/Для одногрупніків з паралели/smirnov-diplom-bilyard/-billiards/biliards/server.php(21): require_once('/Volumes/SSD - ...')
#59 {main}
"} 
[2020-11-27 17:10:25] local.ERROR: View [charts] not found. {"userId":3,"exception":"[object] (InvalidArgumentException(code: 0): View [charts] not found. at /Volumes/SSD - Data/Study/study-arhive/Для одногрупніків з паралели/smirnov-diplom-bilyard/-billiards/biliards/vendor/laravel/framework/src/Illuminate/View/FileViewFinder.php:137)
[stacktrace]
#0 /Volumes/SSD - Data/Study/study-arhive/Для одногрупніків з паралели/smirnov-diplom-bilyard/-billiards/biliards/vendor/laravel/framework/src/Illuminate/View/FileViewFinder.php(79): Illuminate\\View\\FileViewFinder->findInPaths('charts', Array)
#1 /Volumes/SSD - Data/Study/study-arhive/Для одногрупніків з паралели/smirnov-diplom-bilyard/-billiards/biliards/vendor/laravel/framework/src/Illuminate/View/Factory.php(131): Illuminate\\View\\FileViewFinder->find('charts')
#2 /Volumes/SSD - Data/Study/study-arhive/Для одногрупніків з паралели/smirnov-diplom-bilyard/-billiards/biliards/vendor/laravel/framework/src/Illuminate/Foundation/helpers.php(971): Illuminate\\View\\Factory->make('charts', Array, Array)
#3 /Volumes/SSD - Data/Study/study-arhive/Для одногрупніків з паралели/smirnov-diplom-bilyard/-billiards/biliards/app/Http/Controllers/ChartController.php(98): view('charts', Array)
#4 [internal function]: App\\Http\\Controllers\\ChartController->index()
#5 /Volumes/SSD - Data/Study/study-arhive/Для одногрупніків з паралели/smirnov-diplom-bilyard/-billiards/biliards/vendor/laravel/framework/src/Illuminate/Routing/Controller.php(54): call_user_func_array(Array, Array)
#6 /Volumes/SSD - Data/Study/study-arhive/Для одногрупніків з паралели/smirnov-diplom-bilyard/-billiards/biliards/vendor/laravel/framework/src/Illuminate/Routing/ControllerDispatcher.php(45): Illuminate\\Routing\\Controller->callAction('index', Array)
#7 /Volumes/SSD - Data/Study/study-arhive/Для одногрупніків з паралели/smirnov-diplom-bilyard/-billiards/biliards/vendor/laravel/framework/src/Illuminate/Routing/Route.php(219): Illuminate\\Routing\\ControllerDispatcher->dispatch(Object(Illuminate\\Routing\\Route), Object(App\\Http\\Controllers\\ChartController), 'index')
#8 /Volumes/SSD - Data/Study/study-arhive/Для одногрупніків з паралели/smirnov-diplom-bilyard/-billiards/biliards/vendor/laravel/framework/src/Illuminate/Routing/Route.php(176): Illuminate\\Routing\\Route->runController()
#9 /Volumes/SSD - Data/Study/study-arhive/Для одногрупніків з паралели/smirnov-diplom-bilyard/-billiards/biliards/vendor/laravel/framework/src/Illuminate/Routing/Router.php(680): Illuminate\\Routing\\Route->run()
#10 /Volumes/SSD - Data/Study/study-arhive/Для одногрупніків з паралели/smirnov-diplom-bilyard/-billiards/biliards/vendor/laravel/framework/src/Illuminate/Routing/Pipeline.php(30): Illuminate\\Routing\\Router->Illuminate\\Routing\\{closure}(Object(Illuminate\\Http\\Request))
#11 /Volumes/SSD - Data/Study/study-arhive/Для одногрупніків з паралели/smirnov-diplom-bilyard/-billiards/biliards/vendor/laravel/framework/src/Illuminate/Routing/Middleware/SubstituteBindings.php(41): Illuminate\\Routing\\Pipeline->Illuminate\\Routing\\{closure}(Object(Illuminate\\Http\\Request))
#12 /Volumes/SSD - Data/Study/study-arhive/Для одногрупніків з паралели/smirnov-diplom-bilyard/-billiards/biliards/vendor/laravel/framework/src/Illuminate/Pipeline/Pipeline.php(163): Illuminate\\Routing\\Middleware\\SubstituteBindings->handle(Object(Illuminate\\Http\\Request), Object(Closure))
#13 /Volumes/SSD - Data/Study/study-arhive/Для одногрупніків з паралели/smirnov-diplom-bilyard/-billiards/biliards/vendor/laravel/framework/src/Illuminate/Routing/Pipeline.php(53): Illuminate\\Pipeline\\Pipeline->Illuminate\\Pipeline\\{closure}(Object(Illuminate\\Http\\Request))
#14 /Volumes/SSD - Data/Study/study-arhive/Для одногрупніків з паралели/smirnov-diplom-bilyard/-billiards/biliards/vendor/laravel/framework/src/Illuminate/Foundation/Http/Middleware/VerifyCsrfToken.php(75): Illuminate\\Routing\\Pipeline->Illuminate\\Routing\\{closure}(Object(Illuminate\\Http\\Request))
#15 /Volumes/SSD - Data/Study/study-arhive/Для одногрупніків з паралели/smirnov-diplom-bilyard/-billiards/biliards/vendor/laravel/framework/src/Illuminate/Pipeline/Pipeline.php(163): Illuminate\\Foundation\\Http\\Middleware\\VerifyCsrfToken->handle(Object(Illuminate\\Http\\Request), Object(Closure))
#16 /Volumes/SSD - Data/Study/study-arhive/Для одногрупніків з паралели/smirnov-diplom-bilyard/-billiards/biliards/vendor/laravel/framework/src/Illuminate/Routing/Pipeline.php(53): Illuminate\\Pipeline\\Pipeline->Illuminate\\Pipeline\\{closure}(Object(Illuminate\\Http\\Request))
#17 /Volumes/SSD - Data/Study/study-arhive/Для одногрупніків з паралели/smirnov-diplom-bilyard/-billiards/biliards/vendor/laravel/framework/src/Illuminate/View/Middleware/ShareErrorsFromSession.php(49): Illuminate\\Routing\\Pipeline->Illuminate\\Routing\\{closure}(Object(Illuminate\\Http\\Request))
#18 /Volumes/SSD - Data/Study/study-arhive/Для одногрупніків з паралели/smirnov-diplom-bilyard/-billiards/biliards/vendor/laravel/framework/src/Illuminate/Pipeline/Pipeline.php(163): Illuminate\\View\\Middleware\\ShareErrorsFromSession->handle(Object(Illuminate\\Http\\Request), Object(Closure))
#19 /Volumes/SSD - Data/Study/study-arhive/Для одногрупніків з паралели/smirnov-diplom-bilyard/-billiards/biliards/vendor/laravel/framework/src/Illuminate/Routing/Pipeline.php(53): Illuminate\\Pipeline\\Pipeline->Illuminate\\Pipeline\\{closure}(Object(Illuminate\\Http\\Request))
#20 /Volumes/SSD - Data/Study/study-arhive/Для одногрупніків з паралели/smirnov-diplom-bilyard/-billiards/biliards/vendor/laravel/framework/src/Illuminate/Session/Middleware/StartSession.php(56): Illuminate\\Routing\\Pipeline->Illuminate\\Routing\\{closure}(Object(Illuminate\\Http\\Request))
#21 /Volumes/SSD - Data/Study/study-arhive/Для одногрупніків з паралели/smirnov-diplom-bilyard/-billiards/biliards/vendor/laravel/framework/src/Illuminate/Pipeline/Pipeline.php(163): Illuminate\\Session\\Middleware\\StartSession->handle(Object(Illuminate\\Http\\Request), Object(Closure))
#22 /Volumes/SSD - Data/Study/study-arhive/Для одногрупніків з паралели/smirnov-diplom-bilyard/-billiards/biliards/vendor/laravel/framework/src/Illuminate/Routing/Pipeline.php(53): Illuminate\\Pipeline\\Pipeline->Illuminate\\Pipeline\\{closure}(Object(Illuminate\\Http\\Request))
#23 /Volumes/SSD - Data/Study/study-arhive/Для одногрупніків з паралели/smirnov-diplom-bilyard/-billiards/biliards/vendor/laravel/framework/src/Illuminate/Cookie/Middleware/AddQueuedCookiesToResponse.php(37): Illuminate\\Routing\\Pipeline->Illuminate\\Routing\\{closure}(Object(Illuminate\\Http\\Request))
#24 /Volumes/SSD - Data/Study/study-arhive/Для одногрупніків з паралели/smirnov-diplom-bilyard/-billiards/biliards/vendor/laravel/framework/src/Illuminate/Pipeline/Pipeline.php(163): Illuminate\\Cookie\\Middleware\\AddQueuedCookiesToResponse->handle(Object(Illuminate\\Http\\Request), Object(Closure))
#25 /Volumes/SSD - Data/Study/study-arhive/Для одногрупніків з паралели/smirnov-diplom-bilyard/-billiards/biliards/vendor/laravel/framework/src/Illuminate/Routing/Pipeline.php(53): Illuminate\\Pipeline\\Pipeline->Illuminate\\Pipeline\\{closure}(Object(Illuminate\\Http\\Request))
#26 /Volumes/SSD - Data/Study/study-arhive/Для одногрупніків з паралели/smirnov-diplom-bilyard/-billiards/biliards/vendor/laravel/framework/src/Illuminate/Cookie/Middleware/EncryptCookies.php(66): Illuminate\\Routing\\Pipeline->Illuminate\\Routing\\{closure}(Object(Illuminate\\Http\\Request))
#27 /Volumes/SSD - Data/Study/study-arhive/Для одногрупніків з паралели/smirnov-diplom-bilyard/-billiards/biliards/vendor/laravel/framework/src/Illuminate/Pipeline/Pipeline.php(163): Illuminate\\Cookie\\Middleware\\EncryptCookies->handle(Object(Illuminate\\Http\\Request), Object(Closure))
#28 /Volumes/SSD - Data/Study/study-arhive/Для одногрупніків з паралели/smirnov-diplom-bilyard/-billiards/biliards/vendor/laravel/framework/src/Illuminate/Routing/Pipeline.php(53): Illuminate\\Pipeline\\Pipeline->Illuminate\\Pipeline\\{closure}(Object(Illuminate\\Http\\Request))
#29 /Volumes/SSD - Data/Study/study-arhive/Для одногрупніків з паралели/smirnov-diplom-bilyard/-billiards/biliards/vendor/laravel/framework/src/Illuminate/Pipeline/Pipeline.php(104): Illuminate\\Routing\\Pipeline->Illuminate\\Routing\\{closure}(Object(Illuminate\\Http\\Request))
#30 /Volumes/SSD - Data/Study/study-arhive/Для одногрупніків з паралели/smirnov-diplom-bilyard/-billiards/biliards/vendor/laravel/framework/src/Illuminate/Routing/Router.php(682): Illuminate\\Pipeline\\Pipeline->then(Object(Closure))
#31 /Volumes/SSD - Data/Study/study-arhive/Для одногрупніків з паралели/smirnov-diplom-bilyard/-billiards/biliards/vendor/laravel/framework/src/Illuminate/Routing/Router.php(657): Illuminate\\Routing\\Router->runRouteWithinStack(Object(Illuminate\\Routing\\Route), Object(Illuminate\\Http\\Request))
#32 /Volumes/SSD - Data/Study/study-arhive/Для одногрупніків з паралели/smirnov-diplom-bilyard/-billiards/biliards/vendor/laravel/framework/src/Illuminate/Routing/Router.php(623): Illuminate\\Routing\\Router->runRoute(Object(Illuminate\\Http\\Request), Object(Illuminate\\Routing\\Route))
#33 /Volumes/SSD - Data/Study/study-arhive/Для одногрупніків з паралели/smirnov-diplom-bilyard/-billiards/biliards/vendor/laravel/framework/src/Illuminate/Routing/Router.php(612): Illuminate\\Routing\\Router->dispatchToRoute(Object(Illuminate\\Http\\Request))
#34 /Volumes/SSD - Data/Study/study-arhive/Для одногрупніків з паралели/smirnov-diplom-bilyard/-billiards/biliards/vendor/laravel/framework/src/Illuminate/Foundation/Http/Kernel.php(176): Illuminate\\Routing\\Router->dispatch(Object(Illuminate\\Http\\Request))
#35 /Volumes/SSD - Data/Study/study-arhive/Для одногрупніків з паралели/smirnov-diplom-bilyard/-billiards/biliards/vendor/laravel/framework/src/Illuminate/Routing/Pipeline.php(30): Illuminate\\Foundation\\Http\\Kernel->Illuminate\\Foundation\\Http\\{closure}(Object(Illuminate\\Http\\Request))
#36 /Volumes/SSD - Data/Study/study-arhive/Для одногрупніків з паралели/smirnov-diplom-bilyard/-billiards/biliards/vendor/fideloper/proxy/src/TrustProxies.php(57): Illuminate\\Routing\\Pipeline->Illuminate\\Routing\\{closure}(Object(Illuminate\\Http\\Request))
#37 /Volumes/SSD - Data/Study/study-arhive/Для одногрупніків з паралели/smirnov-diplom-bilyard/-billiards/biliards/vendor/laravel/framework/src/Illuminate/Pipeline/Pipeline.php(163): Fideloper\\Proxy\\TrustProxies->handle(Object(Illuminate\\Http\\Request), Object(Closure))
#38 /Volumes/SSD - Data/Study/study-arhive/Для одногрупніків з паралели/smirnov-diplom-bilyard/-billiards/biliards/vendor/laravel/framework/src/Illuminate/Routing/Pipeline.php(53): Illuminate\\Pipeline\\Pipeline->Illuminate\\Pipeline\\{closure}(Object(Illuminate\\Http\\Request))
#39 /Volumes/SSD - Data/Study/study-arhive/Для одногрупніків з паралели/smirnov-diplom-bilyard/-billiards/biliards/vendor/laravel/framework/src/Illuminate/Foundation/Http/Middleware/TransformsRequest.php(21): Illuminate\\Routing\\Pipeline->Illuminate\\Routing\\{closure}(Object(Illuminate\\Http\\Request))
#40 /Volumes/SSD - Data/Study/study-arhive/Для одногрупніків з паралели/smirnov-diplom-bilyard/-billiards/biliards/vendor/laravel/framework/src/Illuminate/Pipeline/Pipeline.php(163): Illuminate\\Foundation\\Http\\Middleware\\TransformsRequest->handle(Object(Illuminate\\Http\\Request), Object(Closure))
#41 /Volumes/SSD - Data/Study/study-arhive/Для одногрупніків з паралели/smirnov-diplom-bilyard/-billiards/biliards/vendor/laravel/framework/src/Illuminate/Routing/Pipeline.php(53): Illuminate\\Pipeline\\Pipeline->Illuminate\\Pipeline\\{closure}(Object(Illuminate\\Http\\Request))
#42 /Volumes/SSD - Data/Study/study-arhive/Для одногрупніків з паралели/smirnov-diplom-bilyard/-billiards/biliards/vendor/laravel/framework/src/Illuminate/Foundation/Http/Middleware/TransformsRequest.php(21): Illuminate\\Routing\\Pipeline->Illuminate\\Routing\\{closure}(Object(Illuminate\\Http\\Request))
#43 /Volumes/SSD - Data/Study/study-arhive/Для одногрупніків з паралели/smirnov-diplom-bilyard/-billiards/biliards/vendor/laravel/framework/src/Illuminate/Pipeline/Pipeline.php(163): Illuminate\\Foundation\\Http\\Middleware\\TransformsRequest->handle(Object(Illuminate\\Http\\Request), Object(Closure))
#44 /Volumes/SSD - Data/Study/study-arhive/Для одногрупніків з паралели/smirnov-diplom-bilyard/-billiards/biliards/vendor/laravel/framework/src/Illuminate/Routing/Pipeline.php(53): Illuminate\\Pipeline\\Pipeline->Illuminate\\Pipeline\\{closure}(Object(Illuminate\\Http\\Request))
#45 /Volumes/SSD - Data/Study/study-arhive/Для одногрупніків з паралели/smirnov-diplom-bilyard/-billiards/biliards/vendor/laravel/framework/src/Illuminate/Foundation/Http/Middleware/ValidatePostSize.php(27): Illuminate\\Routing\\Pipeline->Illuminate\\Routing\\{closure}(Object(Illuminate\\Http\\Request))
#46 /Volumes/SSD - Data/Study/study-arhive/Для одногрупніків з паралели/smirnov-diplom-bilyard/-billiards/biliards/vendor/laravel/framework/src/Illuminate/Pipeline/Pipeline.php(163): Illuminate\\Foundation\\Http\\Middleware\\ValidatePostSize->handle(Object(Illuminate\\Http\\Request), Object(Closure))
#47 /Volumes/SSD - Data/Study/study-arhive/Для одногрупніків з паралели/smirnov-diplom-bilyard/-billiards/biliards/vendor/laravel/framework/src/Illuminate/Routing/Pipeline.php(53): Illuminate\\Pipeline\\Pipeline->Illuminate\\Pipeline\\{closure}(Object(Illuminate\\Http\\Request))
#48 /Volumes/SSD - Data/Study/study-arhive/Для одногрупніків з паралели/smirnov-diplom-bilyard/-billiards/biliards/vendor/laravel/framework/src/Illuminate/Foundation/Http/Middleware/CheckForMaintenanceMode.php(62): Illuminate\\Routing\\Pipeline->Illuminate\\Routing\\{closure}(Object(Illuminate\\Http\\Request))
#49 /Volumes/SSD - Data/Study/study-arhive/Для одногрупніків з паралели/smirnov-diplom-bilyard/-billiards/biliards/vendor/laravel/framework/src/Illuminate/Pipeline/Pipeline.php(163): Illuminate\\Foundation\\Http\\Middleware\\CheckForMaintenanceMode->handle(Object(Illuminate\\Http\\Request), Object(Closure))
#50 /Volumes/SSD - Data/Study/study-arhive/Для одногрупніків з паралели/smirnov-diplom-bilyard/-billiards/biliards/vendor/laravel/framework/src/Illuminate/Routing/Pipeline.php(53): Illuminate\\Pipeline\\Pipeline->Illuminate\\Pipeline\\{closure}(Object(Illuminate\\Http\\Request))
#51 /Volumes/SSD - Data/Study/study-arhive/Для одногрупніків з паралели/smirnov-diplom-bilyard/-billiards/biliards/vendor/laravel/framework/src/Illuminate/Pipeline/Pipeline.php(104): Illuminate\\Routing\\Pipeline->Illuminate\\Routing\\{closure}(Object(Illuminate\\Http\\Request))
#52 /Volumes/SSD - Data/Study/study-arhive/Для одногрупніків з паралели/smirnov-diplom-bilyard/-billiards/biliards/vendor/laravel/framework/src/Illuminate/Foundation/Http/Kernel.php(151): Illuminate\\Pipeline\\Pipeline->then(Object(Closure))
#53 /Volumes/SSD - Data/Study/study-arhive/Для одногрупніків з паралели/smirnov-diplom-bilyard/-billiards/biliards/vendor/laravel/framework/src/Illuminate/Foundation/Http/Kernel.php(116): Illuminate\\Foundation\\Http\\Kernel->sendRequestThroughRouter(Object(Illuminate\\Http\\Request))
#54 /Volumes/SSD - Data/Study/study-arhive/Для одногрупніків з паралели/smirnov-diplom-bilyard/-billiards/biliards/public/index.php(52): Illuminate\\Foundation\\Http\\Kernel->handle(Object(Illuminate\\Http\\Request))
#55 /Volumes/SSD - Data/Study/study-arhive/Для одногрупніків з паралели/smirnov-diplom-bilyard/-billiards/biliards/server.php(21): require_once('/Volumes/SSD - ...')
#56 {main}
"} 
[2020-11-27 17:14:38] local.ERROR: Unable to prepare route [api/user] for serialization. Uses Closure. {"exception":"[object] (LogicException(code: 0): Unable to prepare route [api/user] for serialization. Uses Closure. at /Volumes/SSD - Data/Study/study-arhive/Для одногрупніків з паралели/smirnov-diplom-bilyard/-billiards/biliards/vendor/laravel/framework/src/Illuminate/Routing/Route.php:917)
[stacktrace]
#0 /Volumes/SSD - Data/Study/study-arhive/Для одногрупніків з паралели/smirnov-diplom-bilyard/-billiards/biliards/vendor/laravel/framework/src/Illuminate/Foundation/Console/RouteCacheCommand.php(62): Illuminate\\Routing\\Route->prepareForSerialization()
#1 [internal function]: Illuminate\\Foundation\\Console\\RouteCacheCommand->handle()
#2 /Volumes/SSD - Data/Study/study-arhive/Для одногрупніків з паралели/smirnov-diplom-bilyard/-billiards/biliards/vendor/laravel/framework/src/Illuminate/Container/BoundMethod.php(32): call_user_func_array(Array, Array)
#3 /Volumes/SSD - Data/Study/study-arhive/Для одногрупніків з паралели/smirnov-diplom-bilyard/-billiards/biliards/vendor/laravel/framework/src/Illuminate/Container/BoundMethod.php(90): Illuminate\\Container\\BoundMethod::Illuminate\\Container\\{closure}()
#4 /Volumes/SSD - Data/Study/study-arhive/Для одногрупніків з паралели/smirnov-diplom-bilyard/-billiards/biliards/vendor/laravel/framework/src/Illuminate/Container/BoundMethod.php(34): Illuminate\\Container\\BoundMethod::callBoundMethod(Object(Illuminate\\Foundation\\Application), Array, Object(Closure))
#5 /Volumes/SSD - Data/Study/study-arhive/Для одногрупніків з паралели/smirnov-diplom-bilyard/-billiards/biliards/vendor/laravel/framework/src/Illuminate/Container/Container.php(576): Illuminate\\Container\\BoundMethod::call(Object(Illuminate\\Foundation\\Application), Array, Array, NULL)
#6 /Volumes/SSD - Data/Study/study-arhive/Для одногрупніків з паралели/smirnov-diplom-bilyard/-billiards/biliards/vendor/laravel/framework/src/Illuminate/Console/Command.php(183): Illuminate\\Container\\Container->call(Array)
#7 /Volumes/SSD - Data/Study/study-arhive/Для одногрупніків з паралели/smirnov-diplom-bilyard/-billiards/biliards/vendor/symfony/console/Command/Command.php(255): Illuminate\\Console\\Command->execute(Object(Symfony\\Component\\Console\\Input\\ArgvInput), Object(Illuminate\\Console\\OutputStyle))
#8 /Volumes/SSD - Data/Study/study-arhive/Для одногрупніків з паралели/smirnov-diplom-bilyard/-billiards/biliards/vendor/laravel/framework/src/Illuminate/Console/Command.php(170): Symfony\\Component\\Console\\Command\\Command->run(Object(Symfony\\Component\\Console\\Input\\ArgvInput), Object(Illuminate\\Console\\OutputStyle))
#9 /Volumes/SSD - Data/Study/study-arhive/Для одногрупніків з паралели/smirnov-diplom-bilyard/-billiards/biliards/vendor/symfony/console/Application.php(1009): Illuminate\\Console\\Command->run(Object(Symfony\\Component\\Console\\Input\\ArgvInput), Object(Symfony\\Component\\Console\\Output\\ConsoleOutput))
#10 /Volumes/SSD - Data/Study/study-arhive/Для одногрупніків з паралели/smirnov-diplom-bilyard/-billiards/biliards/vendor/symfony/console/Application.php(273): Symfony\\Component\\Console\\Application->doRunCommand(Object(Illuminate\\Foundation\\Console\\RouteCacheCommand), Object(Symfony\\Component\\Console\\Input\\ArgvInput), Object(Symfony\\Component\\Console\\Output\\ConsoleOutput))
#11 /Volumes/SSD - Data/Study/study-arhive/Для одногрупніків з паралели/smirnov-diplom-bilyard/-billiards/biliards/vendor/symfony/console/Application.php(149): Symfony\\Component\\Console\\Application->doRun(Object(Symfony\\Component\\Console\\Input\\ArgvInput), Object(Symfony\\Component\\Console\\Output\\ConsoleOutput))
#12 /Volumes/SSD - Data/Study/study-arhive/Для одногрупніків з паралели/smirnov-diplom-bilyard/-billiards/biliards/vendor/laravel/framework/src/Illuminate/Console/Application.php(90): Symfony\\Component\\Console\\Application->run(Object(Symfony\\Component\\Console\\Input\\ArgvInput), Object(Symfony\\Component\\Console\\Output\\ConsoleOutput))
#13 /Volumes/SSD - Data/Study/study-arhive/Для одногрупніків з паралели/smirnov-diplom-bilyard/-billiards/biliards/vendor/laravel/framework/src/Illuminate/Foundation/Console/Kernel.php(133): Illuminate\\Console\\Application->run(Object(Symfony\\Component\\Console\\Input\\ArgvInput), Object(Symfony\\Component\\Console\\Output\\ConsoleOutput))
#14 /Volumes/SSD - Data/Study/study-arhive/Для одногрупніків з паралели/smirnov-diplom-bilyard/-billiards/biliards/artisan(37): Illuminate\\Foundation\\Console\\Kernel->handle(Object(Symfony\\Component\\Console\\Input\\ArgvInput), Object(Symfony\\Component\\Console\\Output\\ConsoleOutput))
#15 {main}
"} 
